2024-11-17 03:44:06,894 - Task name: unconditional_9
2024-11-17 03:44:06,896 - Task: ['validity', 'uniqueness']
2024-11-17 03:44:06,897 - Condition: ['None', 'None']
2024-11-17 03:44:06,898 - objective: ['maximize', 'maximize']
2024-11-17 03:44:06,900 - # of heavy atoms: 9
2024-11-17 03:44:06,901 - # of samples: 10000
2024-11-17 03:44:06,902 - smarts: None
2024-11-17 03:44:06,903 - disable_connectivity_position: None
2024-11-17 03:44:06,935 - Using cuda: True
2024-11-17 03:44:06,937 - Number of flexible parameters: 134
2024-11-17 03:44:06,948 - Iteration number: 0
2024-11-17 03:53:05,677 - validity (maximize): 0.404
2024-11-17 03:53:05,678 - uniqueness (maximize): 0.052
2024-11-17 03:53:05,736 - Iteration number: 1
2024-11-17 04:12:16,930 - validity (maximize): 0.630
2024-11-17 04:12:16,933 - uniqueness (maximize): 0.355
2024-11-17 04:12:16,972 - Iteration number: 2
2024-11-17 04:23:45,648 - validity (maximize): 0.710
2024-11-17 04:23:45,650 - uniqueness (maximize): 0.060
2024-11-17 04:23:45,686 - Iteration number: 3
2024-11-17 04:30:55,719 - validity (maximize): 0.627
2024-11-17 04:30:55,721 - uniqueness (maximize): 0.049
2024-11-17 04:30:55,759 - Iteration number: 4
2024-11-17 04:39:14,335 - validity (maximize): 0.775
2024-11-17 04:39:14,337 - uniqueness (maximize): 0.043
2024-11-17 04:39:14,375 - Iteration number: 5
2024-11-17 05:03:19,850 - validity (maximize): 0.428
2024-11-17 05:03:19,852 - uniqueness (maximize): 0.496
2024-11-17 05:03:19,892 - Iteration number: 6
2024-11-17 05:11:29,041 - validity (maximize): 0.955
2024-11-17 05:11:29,042 - uniqueness (maximize): 0.030
2024-11-17 05:11:29,079 - Iteration number: 7
2024-11-17 05:36:47,003 - validity (maximize): 0.443
2024-11-17 05:36:47,005 - uniqueness (maximize): 0.544
2024-11-17 05:36:47,043 - Iteration number: 8
2024-11-17 05:57:36,117 - validity (maximize): 0.567
2024-11-17 05:57:36,119 - uniqueness (maximize): 0.304
2024-11-17 05:57:36,157 - Iteration number: 9
2024-11-17 06:06:16,580 - validity (maximize): 0.939
2024-11-17 06:06:16,581 - uniqueness (maximize): 0.028
2024-11-17 06:06:16,618 - Iteration number: 10
2024-11-17 06:23:37,035 - validity (maximize): 0.642
2024-11-17 06:23:37,037 - uniqueness (maximize): 0.271
2024-11-17 06:23:37,086 - Iteration number: 11
2024-11-17 06:50:01,234 - validity (maximize): 0.232
2024-11-17 06:50:01,236 - uniqueness (maximize): 0.651
2024-11-17 06:50:01,276 - Iteration number: 12
2024-11-17 07:10:04,194 - validity (maximize): 0.466
2024-11-17 07:10:04,196 - uniqueness (maximize): 0.437
2024-11-17 07:10:04,236 - Iteration number: 13
2024-11-17 07:32:03,892 - validity (maximize): 0.410
2024-11-17 07:32:03,893 - uniqueness (maximize): 0.315
2024-11-17 07:32:03,932 - Iteration number: 14
2024-11-17 07:50:47,649 - validity (maximize): 0.553
2024-11-17 07:50:47,651 - uniqueness (maximize): 0.284
2024-11-17 07:50:47,695 - Iteration number: 15
2024-11-17 08:15:58,327 - validity (maximize): 0.357
2024-11-17 08:15:58,329 - uniqueness (maximize): 0.547
2024-11-17 08:15:58,373 - Iteration number: 16
2024-11-17 08:42:36,155 - validity (maximize): 0.320
2024-11-17 08:42:36,157 - uniqueness (maximize): 0.707
2024-11-17 08:42:36,198 - Iteration number: 17
2024-11-17 09:09:17,213 - validity (maximize): 0.292
2024-11-17 09:09:17,215 - uniqueness (maximize): 0.666
2024-11-17 09:09:17,260 - Iteration number: 18
2024-11-17 09:20:30,752 - validity (maximize): 0.835
2024-11-17 09:20:30,753 - uniqueness (maximize): 0.069
2024-11-17 09:20:30,794 - Iteration number: 19
2024-11-17 09:48:12,442 - validity (maximize): 0.187
2024-11-17 09:48:12,444 - uniqueness (maximize): 0.755
2024-11-17 09:48:12,488 - Iteration number: 20
2024-11-17 10:15:58,214 - validity (maximize): 0.136
2024-11-17 10:15:58,216 - uniqueness (maximize): 0.780
2024-11-17 10:15:58,261 - Iteration number: 21
2024-11-17 10:41:25,467 - validity (maximize): 0.313
2024-11-17 10:41:25,469 - uniqueness (maximize): 0.643
2024-11-17 10:41:25,512 - Iteration number: 22
2024-11-17 10:57:54,259 - validity (maximize): 0.684
2024-11-17 10:57:54,260 - uniqueness (maximize): 0.182
2024-11-17 10:57:54,305 - Iteration number: 23
2024-11-17 11:25:50,313 - validity (maximize): 0.184
2024-11-17 11:25:50,315 - uniqueness (maximize): 0.896
2024-11-17 11:25:50,361 - Iteration number: 24
2024-11-17 11:50:31,201 - validity (maximize): 0.334
2024-11-17 11:50:31,203 - uniqueness (maximize): 0.488
2024-11-17 11:50:31,247 - Iteration number: 25
2024-11-17 12:15:50,250 - validity (maximize): 0.441
2024-11-17 12:15:50,251 - uniqueness (maximize): 0.587
2024-11-17 12:15:50,298 - Iteration number: 26
2024-11-17 12:40:39,053 - validity (maximize): 0.470
2024-11-17 12:40:39,054 - uniqueness (maximize): 0.515
2024-11-17 12:40:39,101 - Iteration number: 27
2024-11-17 12:49:00,438 - validity (maximize): 0.949
2024-11-17 12:49:00,440 - uniqueness (maximize): 0.023
2024-11-17 12:49:00,487 - Iteration number: 28
2024-11-17 13:17:00,607 - validity (maximize): 0.171
2024-11-17 13:17:00,609 - uniqueness (maximize): 0.494
2024-11-17 13:17:00,656 - Iteration number: 29
2024-11-17 13:38:59,719 - validity (maximize): 0.380
2024-11-17 13:38:59,720 - uniqueness (maximize): 0.435
2024-11-17 13:38:59,765 - Iteration number: 30
2024-11-17 14:04:50,541 - validity (maximize): 0.280
2024-11-17 14:04:50,543 - uniqueness (maximize): 0.458
2024-11-17 14:04:50,593 - Iteration number: 31
2024-11-17 14:29:28,422 - validity (maximize): 0.267
2024-11-17 14:29:28,424 - uniqueness (maximize): 0.848
2024-11-17 14:29:28,470 - Iteration number: 32
2024-11-17 14:48:07,219 - validity (maximize): 0.579
2024-11-17 14:48:07,221 - uniqueness (maximize): 0.296
2024-11-17 14:48:07,266 - Iteration number: 33
2024-11-17 15:15:33,434 - validity (maximize): 0.413
2024-11-17 15:15:33,435 - uniqueness (maximize): 0.813
2024-11-17 15:15:33,486 - Iteration number: 34
2024-11-17 15:39:48,182 - validity (maximize): 0.487
2024-11-17 15:39:48,184 - uniqueness (maximize): 0.506
2024-11-17 15:39:48,233 - Iteration number: 35
2024-11-17 16:10:33,997 - validity (maximize): 0.319
2024-11-17 16:10:33,999 - uniqueness (maximize): 0.907
2024-11-17 16:10:34,067 - Iteration number: 36
2024-11-17 16:40:42,797 - validity (maximize): 0.251
2024-11-17 16:40:42,799 - uniqueness (maximize): 0.822
2024-11-17 16:40:42,853 - Iteration number: 37
2024-11-17 17:08:31,446 - validity (maximize): 0.273
2024-11-17 17:08:31,447 - uniqueness (maximize): 0.873
2024-11-17 17:08:31,502 - Iteration number: 38
2024-11-17 17:37:55,340 - validity (maximize): 0.328
2024-11-17 17:37:55,342 - uniqueness (maximize): 0.822
2024-11-17 17:37:55,397 - Iteration number: 39
2024-11-17 18:05:59,728 - validity (maximize): 0.321
2024-11-17 18:05:59,730 - uniqueness (maximize): 0.869
2024-11-17 18:05:59,780 - Iteration number: 40
2024-11-17 18:34:19,766 - validity (maximize): 0.339
2024-11-17 18:34:19,768 - uniqueness (maximize): 0.859
2024-11-17 18:34:19,825 - Iteration number: 41
2024-11-17 19:02:15,484 - validity (maximize): 0.399
2024-11-17 19:02:15,485 - uniqueness (maximize): 0.867
2024-11-17 19:02:15,538 - Iteration number: 42
2024-11-17 19:14:19,014 - validity (maximize): 0.859
2024-11-17 19:14:19,015 - uniqueness (maximize): 0.101
2024-11-17 19:14:19,066 - Iteration number: 43
2024-11-17 19:41:01,793 - validity (maximize): 0.249
2024-11-17 19:41:01,795 - uniqueness (maximize): 0.830
2024-11-17 19:41:01,850 - Iteration number: 44
2024-11-17 20:06:47,366 - validity (maximize): 0.398
2024-11-17 20:06:47,368 - uniqueness (maximize): 0.854
2024-11-17 20:06:47,424 - Iteration number: 45
2024-11-17 20:14:03,008 - validity (maximize): 0.991
2024-11-17 20:14:03,009 - uniqueness (maximize): 0.006
2024-11-17 20:14:03,063 - Iteration number: 46
2024-11-17 20:37:23,160 - validity (maximize): 0.598
2024-11-17 20:37:23,162 - uniqueness (maximize): 0.446
2024-11-17 20:37:23,213 - Iteration number: 47
2024-11-17 20:44:51,646 - validity (maximize): 0.989
2024-11-17 20:44:51,648 - uniqueness (maximize): 0.011
2024-11-17 20:44:51,701 - Iteration number: 48
2024-11-17 21:12:02,977 - validity (maximize): 0.421
2024-11-17 21:12:02,979 - uniqueness (maximize): 0.792
2024-11-17 21:12:03,034 - Iteration number: 49
2024-11-17 21:35:24,140 - validity (maximize): 0.471
2024-11-17 21:35:24,142 - uniqueness (maximize): 0.558
2024-11-17 21:35:24,196 - Iteration number: 50
2024-11-17 21:45:25,798 - validity (maximize): 0.928
2024-11-17 21:45:25,799 - uniqueness (maximize): 0.059
2024-11-17 21:45:25,854 - Iteration number: 51
2024-11-17 22:13:30,770 - validity (maximize): 0.222
2024-11-17 22:13:30,771 - uniqueness (maximize): 0.925
2024-11-17 22:13:30,829 - Iteration number: 52
2024-11-17 22:40:54,692 - validity (maximize): 0.269
2024-11-17 22:40:54,694 - uniqueness (maximize): 0.903
2024-11-17 22:40:54,754 - Iteration number: 53
2024-11-17 23:09:33,386 - validity (maximize): 0.383
2024-11-17 23:09:33,388 - uniqueness (maximize): 0.863
2024-11-17 23:09:33,447 - Iteration number: 54
2024-11-17 23:35:50,187 - validity (maximize): 0.573
2024-11-17 23:35:50,188 - uniqueness (maximize): 0.589
2024-11-17 23:35:50,243 - Iteration number: 55
2024-11-18 00:04:09,598 - validity (maximize): 0.423
2024-11-18 00:04:09,599 - uniqueness (maximize): 0.852
2024-11-18 00:04:09,658 - Iteration number: 56
2024-11-18 00:32:12,536 - validity (maximize): 0.385
2024-11-18 00:32:12,538 - uniqueness (maximize): 0.709
2024-11-18 00:32:12,599 - Iteration number: 57
2024-11-18 00:59:52,520 - validity (maximize): 0.492
2024-11-18 00:59:52,521 - uniqueness (maximize): 0.779
2024-11-18 00:59:52,582 - Iteration number: 58
2024-11-18 01:28:27,469 - validity (maximize): 0.454
2024-11-18 01:28:27,471 - uniqueness (maximize): 0.791
2024-11-18 01:28:27,530 - Iteration number: 59
2024-11-18 01:56:33,606 - validity (maximize): 0.368
2024-11-18 01:56:33,608 - uniqueness (maximize): 0.904
2024-11-18 01:56:33,671 - Iteration number: 60
2024-11-18 02:19:27,013 - validity (maximize): 0.626
2024-11-18 02:19:27,014 - uniqueness (maximize): 0.576
2024-11-18 02:19:27,072 - Iteration number: 61
2024-11-18 02:42:26,393 - validity (maximize): 0.717
2024-11-18 02:42:26,394 - uniqueness (maximize): 0.454
2024-11-18 02:42:26,455 - Iteration number: 62
2024-11-18 03:03:12,959 - validity (maximize): 0.637
2024-11-18 03:03:12,961 - uniqueness (maximize): 0.515
2024-11-18 03:03:13,019 - Iteration number: 63
2024-11-18 03:25:26,640 - validity (maximize): 0.535
2024-11-18 03:25:26,642 - uniqueness (maximize): 0.676
2024-11-18 03:25:26,702 - Iteration number: 64
2024-11-18 03:52:01,240 - validity (maximize): 0.526
2024-11-18 03:52:01,242 - uniqueness (maximize): 0.724
2024-11-18 03:52:01,307 - Iteration number: 65
2024-11-18 04:19:07,993 - validity (maximize): 0.503
2024-11-18 04:19:07,995 - uniqueness (maximize): 0.722
2024-11-18 04:19:08,059 - Iteration number: 66
2024-11-18 04:46:09,500 - validity (maximize): 0.591
2024-11-18 04:46:09,502 - uniqueness (maximize): 0.771
2024-11-18 04:46:09,566 - Iteration number: 67
2024-11-18 05:09:35,371 - validity (maximize): 0.633
2024-11-18 05:09:35,373 - uniqueness (maximize): 0.596
2024-11-18 05:09:35,433 - Iteration number: 68
2024-11-18 05:37:00,724 - validity (maximize): 0.664
2024-11-18 05:37:00,725 - uniqueness (maximize): 0.530
2024-11-18 05:37:00,789 - Iteration number: 69
2024-11-18 06:02:43,967 - validity (maximize): 0.530
2024-11-18 06:02:43,969 - uniqueness (maximize): 0.758
2024-11-18 06:02:44,034 - Iteration number: 70
2024-11-18 06:10:09,999 - validity (maximize): 0.984
2024-11-18 06:10:10,001 - uniqueness (maximize): 0.014
2024-11-18 06:10:10,064 - Iteration number: 71
2024-11-18 06:36:26,222 - validity (maximize): 0.594
2024-11-18 06:36:26,224 - uniqueness (maximize): 0.708
2024-11-18 06:36:26,533 - Iteration number: 72
2024-11-18 07:03:51,519 - validity (maximize): 0.450
2024-11-18 07:03:51,520 - uniqueness (maximize): 0.656
2024-11-18 07:03:51,580 - Iteration number: 73
2024-11-18 07:28:17,574 - validity (maximize): 0.661
2024-11-18 07:28:17,576 - uniqueness (maximize): 0.642
2024-11-18 07:28:17,642 - Iteration number: 74
2024-11-18 07:53:37,882 - validity (maximize): 0.710
2024-11-18 07:53:37,884 - uniqueness (maximize): 0.600
2024-11-18 07:53:37,950 - Iteration number: 75
2024-11-18 08:19:56,829 - validity (maximize): 0.648
2024-11-18 08:19:56,831 - uniqueness (maximize): 0.691
2024-11-18 08:19:56,897 - Iteration number: 76
2024-11-18 08:40:49,543 - validity (maximize): 0.752
2024-11-18 08:40:49,545 - uniqueness (maximize): 0.455
2024-11-18 08:40:49,613 - Iteration number: 77
2024-11-18 09:06:55,733 - validity (maximize): 0.630
2024-11-18 09:06:55,735 - uniqueness (maximize): 0.668
2024-11-18 09:06:55,801 - Iteration number: 78
2024-11-18 09:33:07,191 - validity (maximize): 0.633
2024-11-18 09:33:07,192 - uniqueness (maximize): 0.708
2024-11-18 09:33:07,259 - Iteration number: 79
2024-11-18 09:59:31,170 - validity (maximize): 0.558
2024-11-18 09:59:31,172 - uniqueness (maximize): 0.775
2024-11-18 09:59:31,234 - Iteration number: 80
2024-11-18 10:24:17,689 - validity (maximize): 0.686
2024-11-18 10:24:17,691 - uniqueness (maximize): 0.553
2024-11-18 10:24:17,755 - Iteration number: 81
2024-11-18 10:50:31,350 - validity (maximize): 0.668
2024-11-18 10:50:31,352 - uniqueness (maximize): 0.666
2024-11-18 10:50:31,424 - Iteration number: 82
2024-11-18 10:57:48,942 - validity (maximize): 0.990
2024-11-18 10:57:48,943 - uniqueness (maximize): 0.009
2024-11-18 10:57:49,016 - Iteration number: 83
2024-11-18 11:22:06,051 - validity (maximize): 0.490
2024-11-18 11:22:06,053 - uniqueness (maximize): 0.613
2024-11-18 11:22:06,128 - Iteration number: 84
2024-11-18 11:28:57,536 - validity (maximize): 0.993
2024-11-18 11:28:57,538 - uniqueness (maximize): 0.015
2024-11-18 11:28:57,611 - Iteration number: 85
2024-11-18 11:55:24,243 - validity (maximize): 0.562
2024-11-18 11:55:24,244 - uniqueness (maximize): 0.701
2024-11-18 11:55:24,315 - Iteration number: 86
2024-11-18 12:20:19,923 - validity (maximize): 0.697
2024-11-18 12:20:19,926 - uniqueness (maximize): 0.546
2024-11-18 12:20:19,999 - Iteration number: 87
2024-11-18 12:40:26,518 - validity (maximize): 0.743
2024-11-18 12:40:26,520 - uniqueness (maximize): 0.399
2024-11-18 12:40:26,594 - Iteration number: 88
2024-11-18 12:49:43,673 - validity (maximize): 0.941
2024-11-18 12:49:43,675 - uniqueness (maximize): 0.048
2024-11-18 12:49:43,748 - Iteration number: 89
2024-11-18 12:55:34,220 - validity (maximize): 0.962
2024-11-18 12:55:34,221 - uniqueness (maximize): 0.005
2024-11-18 12:55:34,296 - Iteration number: 90
2024-11-18 13:18:30,817 - validity (maximize): 0.655
2024-11-18 13:18:30,819 - uniqueness (maximize): 0.560
2024-11-18 13:18:31,135 - Iteration number: 91
2024-11-18 13:44:27,409 - validity (maximize): 0.641
2024-11-18 13:44:27,411 - uniqueness (maximize): 0.689
2024-11-18 13:44:27,484 - Iteration number: 92
2024-11-18 14:12:23,036 - validity (maximize): 0.406
2024-11-18 14:12:23,039 - uniqueness (maximize): 0.850
2024-11-18 14:12:23,110 - Iteration number: 93
2024-11-18 14:39:07,358 - validity (maximize): 0.653
2024-11-18 14:39:07,360 - uniqueness (maximize): 0.707
2024-11-18 14:39:07,432 - Iteration number: 94
2024-11-18 15:03:21,435 - validity (maximize): 0.596
2024-11-18 15:03:21,437 - uniqueness (maximize): 0.621
2024-11-18 15:03:21,510 - Iteration number: 95
2024-11-18 15:26:00,498 - validity (maximize): 0.595
2024-11-18 15:26:00,500 - uniqueness (maximize): 0.577
2024-11-18 15:26:00,575 - Iteration number: 96
2024-11-18 15:54:28,415 - validity (maximize): 0.528
2024-11-18 15:54:28,417 - uniqueness (maximize): 0.821
2024-11-18 15:54:28,488 - Iteration number: 97
2024-11-18 16:22:20,153 - validity (maximize): 0.740
2024-11-18 16:22:20,155 - uniqueness (maximize): 0.667
2024-11-18 16:22:20,232 - Iteration number: 98
2024-11-18 16:46:06,195 - validity (maximize): 0.786
2024-11-18 16:46:06,197 - uniqueness (maximize): 0.538
2024-11-18 16:46:06,278 - Iteration number: 99
2024-11-18 17:09:01,457 - validity (maximize): 0.817
2024-11-18 17:09:01,459 - uniqueness (maximize): 0.451
2024-11-18 17:09:01,537 - Iteration number: 100
2024-11-18 17:37:39,429 - validity (maximize): 0.627
2024-11-18 17:37:39,431 - uniqueness (maximize): 0.580
2024-11-18 17:37:39,506 - Iteration number: 101
2024-11-18 18:03:19,538 - validity (maximize): 0.642
2024-11-18 18:03:19,541 - uniqueness (maximize): 0.590
2024-11-18 18:03:19,616 - Iteration number: 102
2024-11-18 18:29:12,226 - validity (maximize): 0.832
2024-11-18 18:29:12,227 - uniqueness (maximize): 0.532
2024-11-18 18:29:12,303 - Iteration number: 103
2024-11-18 18:56:14,258 - validity (maximize): 0.809
2024-11-18 18:56:14,260 - uniqueness (maximize): 0.482
2024-11-18 18:56:14,338 - Iteration number: 104
2024-11-18 19:20:01,170 - validity (maximize): 0.821
2024-11-18 19:20:01,172 - uniqueness (maximize): 0.500
2024-11-18 19:20:01,251 - Iteration number: 105
2024-11-18 19:46:52,171 - validity (maximize): 0.648
2024-11-18 19:46:52,174 - uniqueness (maximize): 0.704
2024-11-18 19:46:52,256 - Iteration number: 106
2024-11-18 20:12:27,551 - validity (maximize): 0.753
2024-11-18 20:12:27,553 - uniqueness (maximize): 0.564
2024-11-18 20:12:27,637 - Iteration number: 107
2024-11-18 20:39:41,156 - validity (maximize): 0.668
2024-11-18 20:39:41,158 - uniqueness (maximize): 0.673
2024-11-18 20:39:41,239 - Iteration number: 108
2024-11-18 21:07:04,565 - validity (maximize): 0.615
2024-11-18 21:07:04,567 - uniqueness (maximize): 0.704
2024-11-18 21:07:04,648 - Iteration number: 109
2024-11-18 21:33:25,283 - validity (maximize): 0.697
2024-11-18 21:33:25,285 - uniqueness (maximize): 0.610
2024-11-18 21:33:25,364 - Iteration number: 110
2024-11-18 21:59:28,153 - validity (maximize): 0.762
2024-11-18 21:59:28,155 - uniqueness (maximize): 0.526
2024-11-18 21:59:28,233 - Iteration number: 111
2024-11-18 22:25:53,038 - validity (maximize): 0.715
2024-11-18 22:25:53,040 - uniqueness (maximize): 0.568
2024-11-18 22:25:53,125 - Iteration number: 112
2024-11-18 22:52:36,995 - validity (maximize): 0.779
2024-11-18 22:52:36,997 - uniqueness (maximize): 0.459
2024-11-18 22:52:37,085 - Iteration number: 113
2024-11-18 23:17:54,026 - validity (maximize): 0.790
2024-11-18 23:17:54,028 - uniqueness (maximize): 0.549
2024-11-18 23:17:54,114 - Iteration number: 114
2024-11-18 23:44:07,230 - validity (maximize): 0.758
2024-11-18 23:44:07,232 - uniqueness (maximize): 0.676
2024-11-18 23:44:07,310 - Iteration number: 115
2024-11-19 00:11:35,560 - validity (maximize): 0.420
2024-11-19 00:11:35,561 - uniqueness (maximize): 0.749
2024-11-19 00:11:35,648 - Iteration number: 116
2024-11-19 00:36:28,274 - validity (maximize): 0.786
2024-11-19 00:36:28,276 - uniqueness (maximize): 0.641
2024-11-19 00:36:28,360 - Iteration number: 117
2024-11-19 01:01:34,357 - validity (maximize): 0.663
2024-11-19 01:01:34,359 - uniqueness (maximize): 0.715
2024-11-19 01:01:34,445 - Iteration number: 118
2024-11-19 01:08:47,366 - validity (maximize): 0.984
2024-11-19 01:08:47,368 - uniqueness (maximize): 0.019
2024-11-19 01:08:47,458 - Iteration number: 119
2024-11-19 01:34:19,638 - validity (maximize): 0.761
2024-11-19 01:34:19,639 - uniqueness (maximize): 0.580
2024-11-19 01:34:19,723 - Iteration number: 120
2024-11-19 01:59:07,022 - validity (maximize): 0.797
2024-11-19 01:59:07,024 - uniqueness (maximize): 0.619
2024-11-19 01:59:07,107 - Iteration number: 121
2024-11-19 02:23:15,375 - validity (maximize): 0.789
2024-11-19 02:23:15,378 - uniqueness (maximize): 0.572
2024-11-19 02:23:15,462 - Iteration number: 122
2024-11-19 02:50:20,887 - validity (maximize): 0.764
2024-11-19 02:50:20,889 - uniqueness (maximize): 0.678
2024-11-19 02:50:20,972 - Iteration number: 123
2024-11-19 03:08:55,510 - validity (maximize): 0.688
2024-11-19 03:08:55,512 - uniqueness (maximize): 0.286
2024-11-19 03:08:55,601 - Iteration number: 124
2024-11-19 03:34:48,438 - validity (maximize): 0.459
2024-11-19 03:34:48,440 - uniqueness (maximize): 0.755
2024-11-19 03:34:48,526 - Iteration number: 125
2024-11-19 03:57:51,813 - *** Further optimization based on the previous results ***
2024-11-19 03:57:51,814 - Previous data path: results_chemistry_constraint_bo/unconditional_9.csv
2024-11-19 03:57:51,816 - Task name: unconditional_9
2024-11-19 03:57:51,818 - Task: ['validity', 'uniqueness']
2024-11-19 03:57:51,820 - Condition: ['None', 'None']
2024-11-19 03:57:51,821 - objective: ['maximize', 'maximize']
2024-11-19 03:57:51,823 - # of heavy atoms: 9
2024-11-19 03:57:51,824 - # of samples: 10000
2024-11-19 03:57:51,826 - smarts: None
2024-11-19 03:57:51,828 - disable_connectivity_position: None
2024-11-19 03:57:51,863 - Using cuda: True
2024-11-19 03:57:51,865 - Number of flexible parameters: 134
2024-11-19 03:58:21,494 - Iteration number: 125
2024-11-19 04:23:43,307 - validity (maximize): 0.762
2024-11-19 04:23:43,309 - uniqueness (maximize): 0.683
2024-11-19 04:24:15,182 - Iteration number: 126
2024-11-19 04:50:42,348 - validity (maximize): 0.597
2024-11-19 04:50:42,350 - uniqueness (maximize): 0.766
2024-11-19 04:51:11,505 - Iteration number: 127
2024-11-19 05:16:36,610 - validity (maximize): 0.744
2024-11-19 05:16:36,612 - uniqueness (maximize): 0.680
2024-11-19 05:17:01,954 - Iteration number: 128
2024-11-19 05:41:31,911 - validity (maximize): 0.771
2024-11-19 05:41:31,914 - uniqueness (maximize): 0.563
2024-11-19 05:42:05,955 - Iteration number: 129
2024-11-19 06:08:44,464 - validity (maximize): 0.353
2024-11-19 06:08:44,465 - uniqueness (maximize): 0.862
2024-11-19 06:09:16,479 - Iteration number: 130
2024-11-19 06:33:19,347 - validity (maximize): 0.799
2024-11-19 06:33:19,349 - uniqueness (maximize): 0.639
2024-11-19 06:33:49,447 - Iteration number: 131
2024-11-19 06:57:39,239 - validity (maximize): 0.811
2024-11-19 06:57:39,241 - uniqueness (maximize): 0.666
2024-11-19 06:58:07,824 - Iteration number: 132
2024-11-19 07:20:59,898 - validity (maximize): 0.746
2024-11-19 07:20:59,899 - uniqueness (maximize): 0.618
2024-11-19 07:21:29,398 - Iteration number: 133
2024-11-19 07:45:29,851 - validity (maximize): 0.771
2024-11-19 07:45:29,854 - uniqueness (maximize): 0.658
2024-11-19 07:45:55,655 - Iteration number: 134
2024-11-19 08:09:59,818 - validity (maximize): 0.786
2024-11-19 08:09:59,820 - uniqueness (maximize): 0.586
2024-11-19 08:10:26,581 - Iteration number: 135
2024-11-19 08:34:23,721 - validity (maximize): 0.747
2024-11-19 08:34:23,723 - uniqueness (maximize): 0.696
2024-11-19 08:34:54,954 - Iteration number: 136
2024-11-19 08:59:01,967 - validity (maximize): 0.790
2024-11-19 08:59:01,969 - uniqueness (maximize): 0.682
2024-11-19 08:59:34,995 - Iteration number: 137
2024-11-19 09:23:22,338 - validity (maximize): 0.800
2024-11-19 09:23:22,340 - uniqueness (maximize): 0.560
2024-11-19 09:23:52,284 - Iteration number: 138
2024-11-19 09:45:55,968 - validity (maximize): 0.821
2024-11-19 09:45:55,969 - uniqueness (maximize): 0.528
2024-11-19 09:46:26,473 - Iteration number: 139
2024-11-19 10:10:19,059 - validity (maximize): 0.766
2024-11-19 10:10:19,061 - uniqueness (maximize): 0.639
2024-11-19 10:10:50,702 - Iteration number: 140
2024-11-19 10:35:29,110 - validity (maximize): 0.729
2024-11-19 10:35:29,111 - uniqueness (maximize): 0.673
2024-11-19 10:36:03,883 - Iteration number: 141
2024-11-19 11:01:36,438 - validity (maximize): 0.796
2024-11-19 11:01:36,440 - uniqueness (maximize): 0.726
2024-11-19 11:02:13,473 - Iteration number: 142
2024-11-19 11:27:03,166 - validity (maximize): 0.832
2024-11-19 11:27:03,168 - uniqueness (maximize): 0.639
2024-11-19 11:27:39,765 - Iteration number: 143
2024-11-19 11:53:00,376 - validity (maximize): 0.771
2024-11-19 11:53:00,378 - uniqueness (maximize): 0.671
2024-11-19 11:53:32,566 - Iteration number: 144
2024-11-19 12:20:05,074 - validity (maximize): 0.771
2024-11-19 12:20:05,076 - uniqueness (maximize): 0.686
2024-11-19 12:20:44,889 - Iteration number: 145
2024-11-19 12:56:46,221 - validity (maximize): 0.793
2024-11-19 12:56:46,223 - uniqueness (maximize): 0.696
2024-11-19 12:57:22,453 - Iteration number: 146
2024-11-19 13:22:46,564 - validity (maximize): 0.728
2024-11-19 13:22:46,566 - uniqueness (maximize): 0.758
2024-11-19 13:23:25,107 - Iteration number: 147
2024-11-19 13:48:33,099 - validity (maximize): 0.839
2024-11-19 13:48:33,101 - uniqueness (maximize): 0.721
2024-11-19 13:49:04,881 - Iteration number: 148
2024-11-19 14:15:48,834 - validity (maximize): 0.774
2024-11-19 14:15:48,836 - uniqueness (maximize): 0.778
2024-11-19 14:16:29,278 - Iteration number: 149
2024-11-19 14:42:09,874 - validity (maximize): 0.720
2024-11-19 14:42:09,876 - uniqueness (maximize): 0.737
2024-11-19 14:42:52,949 - Iteration number: 150
2024-11-19 15:09:37,376 - validity (maximize): 0.746
2024-11-19 15:09:37,378 - uniqueness (maximize): 0.768
2024-11-19 15:10:13,648 - Iteration number: 151
2024-11-19 15:37:09,069 - validity (maximize): 0.772
2024-11-19 15:37:09,071 - uniqueness (maximize): 0.743
2024-11-19 15:37:48,261 - Iteration number: 152
2024-11-19 16:04:33,506 - validity (maximize): 0.746
2024-11-19 16:04:33,508 - uniqueness (maximize): 0.788
2024-11-19 16:05:11,910 - Iteration number: 153
2024-11-19 16:30:57,024 - validity (maximize): 0.808
2024-11-19 16:30:57,026 - uniqueness (maximize): 0.744
2024-11-19 16:31:33,423 - Iteration number: 154
2024-11-19 16:58:01,504 - validity (maximize): 0.666
2024-11-19 16:58:01,505 - uniqueness (maximize): 0.774
2024-11-19 16:58:32,628 - Iteration number: 155
2024-11-19 17:24:08,705 - validity (maximize): 0.862
2024-11-19 17:24:08,707 - uniqueness (maximize): 0.666
2024-11-19 17:24:51,505 - Iteration number: 156
2024-11-19 17:50:47,044 - validity (maximize): 0.740
2024-11-19 17:50:47,045 - uniqueness (maximize): 0.682
2024-11-19 17:51:24,119 - Iteration number: 157
2024-11-19 18:17:26,293 - validity (maximize): 0.813
2024-11-19 18:17:26,295 - uniqueness (maximize): 0.726
2024-11-19 18:17:58,676 - Iteration number: 158
2024-11-19 18:43:43,640 - validity (maximize): 0.816
2024-11-19 18:43:43,642 - uniqueness (maximize): 0.720
2024-11-19 18:44:21,341 - Iteration number: 159
2024-11-19 19:09:53,383 - validity (maximize): 0.832
2024-11-19 19:09:53,384 - uniqueness (maximize): 0.756
2024-11-19 19:10:30,083 - Iteration number: 160
2024-11-19 19:35:02,731 - validity (maximize): 0.789
2024-11-19 19:35:02,733 - uniqueness (maximize): 0.667
2024-11-19 19:35:40,966 - Iteration number: 161
2024-11-19 20:01:23,438 - validity (maximize): 0.814
2024-11-19 20:01:23,441 - uniqueness (maximize): 0.744
2024-11-19 20:02:05,948 - Iteration number: 162
2024-11-19 20:28:07,127 - validity (maximize): 0.784
2024-11-19 20:28:07,129 - uniqueness (maximize): 0.718
2024-11-19 20:28:43,337 - Iteration number: 163
2024-11-19 20:53:59,186 - validity (maximize): 0.822
2024-11-19 20:53:59,188 - uniqueness (maximize): 0.734
2024-11-19 20:54:44,998 - Iteration number: 164
2024-11-19 21:19:45,115 - validity (maximize): 0.810
2024-11-19 21:19:45,118 - uniqueness (maximize): 0.671
2024-11-19 21:20:25,180 - Iteration number: 165
2024-11-19 21:46:32,496 - validity (maximize): 0.761
2024-11-19 21:46:32,498 - uniqueness (maximize): 0.770
2024-11-19 21:47:01,740 - Iteration number: 166
2024-11-19 22:12:01,536 - validity (maximize): 0.782
2024-11-19 22:12:01,538 - uniqueness (maximize): 0.736
2024-11-19 22:12:35,251 - Iteration number: 167
2024-11-19 22:38:04,896 - validity (maximize): 0.800
2024-11-19 22:38:04,898 - uniqueness (maximize): 0.599
2024-11-19 22:38:50,935 - Iteration number: 168
2024-11-19 23:05:07,673 - validity (maximize): 0.764
2024-11-19 23:05:07,675 - uniqueness (maximize): 0.748
2024-11-19 23:05:42,421 - Iteration number: 169
2024-11-19 23:31:13,711 - validity (maximize): 0.800
2024-11-19 23:31:13,713 - uniqueness (maximize): 0.767
2024-11-19 23:32:09,076 - Iteration number: 170
2024-11-19 23:58:25,658 - validity (maximize): 0.820
2024-11-19 23:58:25,660 - uniqueness (maximize): 0.733
2024-11-19 23:59:17,484 - Iteration number: 171
2024-11-20 00:25:52,850 - validity (maximize): 0.832
2024-11-20 00:25:52,852 - uniqueness (maximize): 0.773
2024-11-20 00:26:51,280 - Iteration number: 172
2024-11-20 00:53:05,203 - validity (maximize): 0.865
2024-11-20 00:53:05,205 - uniqueness (maximize): 0.748
2024-11-20 00:53:55,640 - Iteration number: 173
2024-11-20 01:20:26,614 - validity (maximize): 0.829
2024-11-20 01:20:26,617 - uniqueness (maximize): 0.763
2024-11-20 01:21:25,280 - Iteration number: 174
2024-11-20 01:47:24,560 - validity (maximize): 0.858
2024-11-20 01:47:24,562 - uniqueness (maximize): 0.711
2024-11-20 01:48:19,306 - Iteration number: 175
2024-11-20 02:01:44,483 - validity (maximize): 0.953
2024-11-20 02:01:44,485 - uniqueness (maximize): 0.274
2024-11-20 02:02:41,730 - Iteration number: 176
2024-11-20 02:29:24,211 - validity (maximize): 0.829
2024-11-20 02:29:24,213 - uniqueness (maximize): 0.766
2024-11-20 02:30:22,203 - Iteration number: 177
2024-11-20 02:52:37,161 - validity (maximize): 0.722
2024-11-20 02:52:37,163 - uniqueness (maximize): 0.535
2024-11-20 02:54:54,057 - Iteration number: 178
2024-11-20 03:59:27,442 - validity (maximize): 0.839
2024-11-20 03:59:27,444 - uniqueness (maximize): 0.740
2024-11-20 04:03:33,790 - Iteration number: 179
2024-11-20 05:04:09,694 - validity (maximize): 0.841
2024-11-20 05:04:09,695 - uniqueness (maximize): 0.757
2024-11-20 05:07:58,657 - Iteration number: 180
2024-11-20 06:08:32,992 - validity (maximize): 0.814
2024-11-20 06:08:32,994 - uniqueness (maximize): 0.792
2024-11-20 06:11:50,501 - Iteration number: 181
2024-11-20 07:14:33,531 - validity (maximize): 0.841
2024-11-20 07:14:33,534 - uniqueness (maximize): 0.782
2024-11-20 07:18:12,101 - Iteration number: 182
2024-11-20 08:08:52,800 - validity (maximize): 0.825
2024-11-20 08:08:52,802 - uniqueness (maximize): 0.732
2024-11-20 08:13:04,403 - Iteration number: 183
2024-11-20 09:06:26,149 - validity (maximize): 0.819
2024-11-20 09:06:26,150 - uniqueness (maximize): 0.725
2024-11-20 09:10:57,365 - Iteration number: 184
2024-11-20 09:45:12,871 - validity (maximize): 0.844
2024-11-20 09:45:12,873 - uniqueness (maximize): 0.776
2024-11-20 09:46:04,054 - Iteration number: 185
2024-11-20 10:12:55,122 - validity (maximize): 0.821
2024-11-20 10:12:55,124 - uniqueness (maximize): 0.774
2024-11-20 10:13:46,604 - Iteration number: 186
2024-11-20 10:40:47,615 - validity (maximize): 0.828
2024-11-20 10:40:47,616 - uniqueness (maximize): 0.776
2024-11-20 10:41:22,023 - Iteration number: 187
2024-11-20 11:06:40,696 - validity (maximize): 0.814
2024-11-20 11:06:40,698 - uniqueness (maximize): 0.706
2024-11-20 11:07:33,545 - Iteration number: 188
2024-11-20 11:36:04,181 - validity (maximize): 0.381
2024-11-20 11:36:04,183 - uniqueness (maximize): 0.845
2024-11-20 11:37:05,507 - Iteration number: 189
2024-11-20 12:03:23,997 - validity (maximize): 0.776
2024-11-20 12:03:23,999 - uniqueness (maximize): 0.743
2024-11-20 12:04:34,079 - Iteration number: 190
2024-11-20 12:31:43,972 - validity (maximize): 0.817
2024-11-20 12:31:43,974 - uniqueness (maximize): 0.742
2024-11-20 12:32:55,131 - Iteration number: 191
2024-11-20 12:59:04,932 - validity (maximize): 0.890
2024-11-20 12:59:04,934 - uniqueness (maximize): 0.761
2024-11-20 13:00:12,887 - Iteration number: 192
2024-11-20 13:27:19,447 - validity (maximize): 0.852
2024-11-20 13:27:19,448 - uniqueness (maximize): 0.778
2024-11-20 13:28:12,248 - Iteration number: 193
2024-11-20 13:54:41,343 - validity (maximize): 0.848
2024-11-20 13:54:41,345 - uniqueness (maximize): 0.786
2024-11-20 13:55:34,483 - Iteration number: 194
2024-11-20 14:21:41,668 - validity (maximize): 0.859
2024-11-20 14:21:41,670 - uniqueness (maximize): 0.755
2024-11-20 14:22:37,278 - Iteration number: 195
2024-11-20 14:48:54,466 - validity (maximize): 0.857
2024-11-20 14:48:54,467 - uniqueness (maximize): 0.773
2024-11-20 14:50:00,475 - Iteration number: 196
2024-11-20 15:16:02,732 - validity (maximize): 0.868
2024-11-20 15:16:02,733 - uniqueness (maximize): 0.795
2024-11-20 15:17:11,691 - Iteration number: 197
2024-11-20 15:26:40,995 - validity (maximize): 0.993
2024-11-20 15:26:40,997 - uniqueness (maximize): 0.061
2024-11-20 15:27:49,385 - Iteration number: 198
2024-11-20 15:40:23,367 - validity (maximize): 0.980
2024-11-20 15:40:23,369 - uniqueness (maximize): 0.126
2024-11-20 15:41:33,413 - Iteration number: 199
2024-11-20 16:07:37,249 - validity (maximize): 0.855
2024-11-20 16:07:37,251 - uniqueness (maximize): 0.725
2024-11-20 16:08:54,366 - Iteration number: 200
2024-11-20 16:35:22,752 - validity (maximize): 0.865
2024-11-20 16:35:22,754 - uniqueness (maximize): 0.792
2024-11-20 16:36:11,561 - Iteration number: 201
2024-11-20 17:02:54,992 - validity (maximize): 0.811
2024-11-20 17:02:54,994 - uniqueness (maximize): 0.814
2024-11-20 17:03:54,127 - Iteration number: 202
2024-11-20 17:29:56,332 - validity (maximize): 0.863
2024-11-20 17:29:56,334 - uniqueness (maximize): 0.769
2024-11-20 17:31:14,667 - Iteration number: 203
2024-11-20 17:57:46,463 - validity (maximize): 0.846
2024-11-20 17:57:46,465 - uniqueness (maximize): 0.751
2024-11-20 17:58:51,146 - Iteration number: 204
2024-11-20 18:21:29,039 - validity (maximize): 0.916
2024-11-20 18:21:29,041 - uniqueness (maximize): 0.469
2024-11-20 18:22:31,165 - Iteration number: 205
2024-11-20 18:49:25,579 - validity (maximize): 0.818
2024-11-20 18:49:25,581 - uniqueness (maximize): 0.743
2024-11-20 18:50:39,113 - Iteration number: 206
2024-11-20 19:17:29,600 - validity (maximize): 0.861
2024-11-20 19:17:29,620 - uniqueness (maximize): 0.829
2024-11-20 19:18:48,069 - Iteration number: 207
2024-11-20 19:45:49,196 - validity (maximize): 0.828
2024-11-20 19:45:49,198 - uniqueness (maximize): 0.832
2024-11-20 19:47:01,222 - Iteration number: 208
2024-11-20 20:14:34,232 - validity (maximize): 0.785
2024-11-20 20:14:34,234 - uniqueness (maximize): 0.825
2024-11-20 20:15:48,214 - Iteration number: 209
2024-11-20 20:42:47,280 - validity (maximize): 0.891
2024-11-20 20:42:47,282 - uniqueness (maximize): 0.809
2024-11-20 20:43:47,348 - Iteration number: 210
2024-11-20 21:08:25,939 - validity (maximize): 0.849
2024-11-20 21:08:25,942 - uniqueness (maximize): 0.734
2024-11-20 21:09:13,323 - Iteration number: 211
2024-11-20 21:36:16,752 - validity (maximize): 0.812
2024-11-20 21:36:16,754 - uniqueness (maximize): 0.831
2024-11-20 21:37:21,291 - Iteration number: 212
2024-11-20 22:04:03,820 - validity (maximize): 0.870
2024-11-20 22:04:03,821 - uniqueness (maximize): 0.764
2024-11-20 22:05:02,525 - Iteration number: 213
2024-11-20 22:31:42,238 - validity (maximize): 0.877
2024-11-20 22:31:42,240 - uniqueness (maximize): 0.803
2024-11-20 22:32:38,505 - Iteration number: 214
2024-11-20 22:59:23,969 - validity (maximize): 0.877
2024-11-20 22:59:23,971 - uniqueness (maximize): 0.828
2024-11-20 23:00:33,565 - Iteration number: 215
2024-11-20 23:27:20,051 - validity (maximize): 0.824
2024-11-20 23:27:20,052 - uniqueness (maximize): 0.826
2024-11-20 23:28:34,912 - Iteration number: 216
2024-11-20 23:55:20,146 - validity (maximize): 0.797
2024-11-20 23:55:20,148 - uniqueness (maximize): 0.816
2024-11-20 23:56:18,037 - Iteration number: 217
2024-11-21 00:22:36,012 - validity (maximize): 0.881
2024-11-21 00:22:36,014 - uniqueness (maximize): 0.813
2024-11-21 00:23:41,565 - Iteration number: 218
2024-11-21 00:50:23,786 - validity (maximize): 0.884
2024-11-21 00:50:23,788 - uniqueness (maximize): 0.808
2024-11-21 00:51:24,869 - Iteration number: 219
2024-11-21 01:18:18,364 - validity (maximize): 0.875
2024-11-21 01:18:18,366 - uniqueness (maximize): 0.829
2024-11-21 01:19:20,766 - Iteration number: 220
2024-11-21 01:46:18,091 - validity (maximize): 0.860
2024-11-21 01:46:18,093 - uniqueness (maximize): 0.804
2024-11-21 01:47:13,971 - Iteration number: 221
2024-11-21 02:12:58,558 - validity (maximize): 0.899
2024-11-21 02:12:58,560 - uniqueness (maximize): 0.761
2024-11-21 02:14:08,305 - Iteration number: 222
2024-11-21 02:41:03,733 - validity (maximize): 0.879
2024-11-21 02:41:03,735 - uniqueness (maximize): 0.826
2024-11-21 02:42:14,853 - Iteration number: 223
2024-11-21 03:08:19,744 - validity (maximize): 0.881
2024-11-21 03:08:19,746 - uniqueness (maximize): 0.797
2024-11-21 03:09:35,847 - Iteration number: 224
2024-11-21 03:36:22,633 - validity (maximize): 0.875
2024-11-21 03:36:22,635 - uniqueness (maximize): 0.824
2024-11-21 03:37:37,238 - Iteration number: 225
2024-11-21 05:08:23,003 - *** Further optimization based on the previous results ***
2024-11-21 05:08:23,005 - Previous data path: results_chemistry_constraint_bo/unconditional_9_1.csv
2024-11-21 05:08:23,006 - Task name: unconditional_9
2024-11-21 05:08:23,008 - Task: ['validity', 'uniqueness']
2024-11-21 05:08:23,010 - Condition: ['None', 'None']
2024-11-21 05:08:23,011 - objective: ['maximize', 'maximize']
2024-11-21 05:08:23,013 - # of heavy atoms: 9
2024-11-21 05:08:23,014 - # of samples: 10000
2024-11-21 05:08:23,016 - smarts: None
2024-11-21 05:08:23,017 - disable_connectivity_position: None
2024-11-21 05:08:23,088 - Using cuda: True
2024-11-21 05:08:23,090 - Number of flexible parameters: 134
2024-11-21 05:10:10,147 - Iteration number: 225
2024-11-21 05:36:44,602 - validity (maximize): 0.890
2024-11-21 05:36:44,604 - uniqueness (maximize): 0.831
2024-11-21 05:38:18,501 - Iteration number: 226
2024-11-21 06:05:01,738 - validity (maximize): 0.870
2024-11-21 06:05:01,740 - uniqueness (maximize): 0.825
2024-11-21 06:06:33,898 - Iteration number: 227
2024-11-21 06:31:40,362 - validity (maximize): 0.875
2024-11-21 06:31:40,364 - uniqueness (maximize): 0.692
2024-11-21 06:33:24,139 - Iteration number: 228
2024-11-21 07:01:05,433 - validity (maximize): 0.828
2024-11-21 07:01:05,435 - uniqueness (maximize): 0.853
2024-11-21 07:02:53,364 - Iteration number: 229
2024-11-21 07:30:31,902 - validity (maximize): 0.865
2024-11-21 07:30:31,904 - uniqueness (maximize): 0.853
2024-11-21 07:32:36,750 - Iteration number: 230
2024-11-21 07:59:14,120 - validity (maximize): 0.864
2024-11-21 07:59:14,122 - uniqueness (maximize): 0.809
2024-11-21 08:00:56,089 - Iteration number: 231
2024-11-21 08:28:44,035 - validity (maximize): 0.867
2024-11-21 08:28:44,038 - uniqueness (maximize): 0.850
2024-11-21 08:30:43,056 - Iteration number: 232
2024-11-21 08:57:45,687 - validity (maximize): 0.864
2024-11-21 08:57:45,689 - uniqueness (maximize): 0.849
2024-11-21 08:59:08,055 - Iteration number: 233
2024-11-21 09:26:26,806 - validity (maximize): 0.872
2024-11-21 09:26:26,808 - uniqueness (maximize): 0.831
2024-11-21 09:27:33,002 - Iteration number: 234
2024-11-21 09:54:24,834 - validity (maximize): 0.887
2024-11-21 09:54:24,836 - uniqueness (maximize): 0.847
2024-11-21 09:56:10,622 - Iteration number: 235
2024-11-21 10:04:00,235 - validity (maximize): 0.995
2024-11-21 10:04:00,237 - uniqueness (maximize): 0.037
2024-11-21 10:05:50,751 - Iteration number: 236
2024-11-21 10:33:00,385 - validity (maximize): 0.901
2024-11-21 10:33:00,387 - uniqueness (maximize): 0.836
2024-11-21 10:35:20,304 - Iteration number: 237
2024-11-21 11:02:05,544 - validity (maximize): 0.897
2024-11-21 11:02:05,546 - uniqueness (maximize): 0.848
2024-11-21 11:04:05,622 - Iteration number: 238
2024-11-21 11:31:50,925 - validity (maximize): 0.867
2024-11-21 11:31:50,927 - uniqueness (maximize): 0.839
2024-11-21 11:33:49,237 - Iteration number: 239
2024-11-21 12:01:05,064 - validity (maximize): 0.883
2024-11-21 12:01:05,066 - uniqueness (maximize): 0.849
2024-11-21 12:03:22,092 - Iteration number: 240
2024-11-21 12:30:40,836 - validity (maximize): 0.885
2024-11-21 12:30:40,838 - uniqueness (maximize): 0.827
2024-11-21 12:32:58,873 - Iteration number: 241
2024-11-21 12:59:22,792 - validity (maximize): 0.874
2024-11-21 12:59:22,793 - uniqueness (maximize): 0.848
2024-11-21 13:01:14,260 - Iteration number: 242
2024-11-21 13:27:53,301 - validity (maximize): 0.646
2024-11-21 13:27:53,303 - uniqueness (maximize): 0.847
2024-11-21 13:29:01,685 - Iteration number: 243
2024-11-21 13:55:55,485 - validity (maximize): 0.706
2024-11-21 13:55:55,487 - uniqueness (maximize): 0.846
2024-11-21 13:57:30,371 - Iteration number: 244
2024-11-21 14:24:47,766 - validity (maximize): 0.888
2024-11-21 14:24:47,768 - uniqueness (maximize): 0.810
2024-11-21 14:26:23,196 - Iteration number: 245
2024-11-21 14:52:34,279 - validity (maximize): 0.911
2024-11-21 14:52:34,281 - uniqueness (maximize): 0.825
2024-11-21 14:54:11,451 - Iteration number: 246
2024-11-21 15:20:42,986 - validity (maximize): 0.863
2024-11-21 15:20:42,988 - uniqueness (maximize): 0.851
2024-11-21 15:22:21,961 - Iteration number: 247
2024-11-21 15:49:22,674 - validity (maximize): 0.866
2024-11-21 15:49:22,676 - uniqueness (maximize): 0.838
2024-11-21 15:51:08,675 - Iteration number: 248
2024-11-21 16:18:18,751 - validity (maximize): 0.844
2024-11-21 16:18:18,753 - uniqueness (maximize): 0.853
2024-11-21 16:20:21,068 - Iteration number: 249
2024-11-21 16:46:30,928 - validity (maximize): 0.875
2024-11-21 16:46:30,930 - uniqueness (maximize): 0.793
2024-11-21 16:48:22,023 - Iteration number: 250
2024-11-21 17:15:14,084 - validity (maximize): 0.907
2024-11-21 17:15:14,086 - uniqueness (maximize): 0.846
2024-11-21 17:17:28,484 - Iteration number: 251
2024-11-21 17:44:17,589 - validity (maximize): 0.897
2024-11-21 17:44:17,591 - uniqueness (maximize): 0.847
2024-11-21 17:46:20,176 - Iteration number: 252
2024-11-21 18:12:26,408 - validity (maximize): 0.868
2024-11-21 18:12:26,410 - uniqueness (maximize): 0.788
2024-11-21 18:14:33,939 - Iteration number: 253
2024-11-21 18:41:17,677 - validity (maximize): 0.922
2024-11-21 18:41:17,678 - uniqueness (maximize): 0.767
2024-11-21 18:43:00,186 - Iteration number: 254
2024-11-21 19:09:50,073 - validity (maximize): 0.885
2024-11-21 19:09:50,075 - uniqueness (maximize): 0.817
2024-11-21 19:12:13,066 - Iteration number: 255
2024-11-21 19:38:49,533 - validity (maximize): 0.871
2024-11-21 19:38:49,535 - uniqueness (maximize): 0.852
2024-11-21 19:40:35,573 - Iteration number: 256
2024-11-21 20:07:23,437 - validity (maximize): 0.841
2024-11-21 20:07:23,439 - uniqueness (maximize): 0.827
2024-11-21 20:09:27,762 - Iteration number: 257
2024-11-21 20:36:14,791 - validity (maximize): 0.876
2024-11-21 20:36:14,793 - uniqueness (maximize): 0.863
2024-11-21 20:38:41,391 - Iteration number: 258
2024-11-21 21:05:50,078 - validity (maximize): 0.855
2024-11-21 21:05:50,079 - uniqueness (maximize): 0.890
2024-11-21 21:07:47,862 - Iteration number: 259
2024-11-21 21:35:04,294 - validity (maximize): 0.889
2024-11-21 21:35:04,296 - uniqueness (maximize): 0.868
2024-11-21 21:37:01,609 - Iteration number: 260
2024-11-21 22:03:55,271 - validity (maximize): 0.903
2024-11-21 22:03:55,273 - uniqueness (maximize): 0.843
2024-11-21 22:05:58,326 - Iteration number: 261
2024-11-21 22:32:38,380 - validity (maximize): 0.892
2024-11-21 22:32:38,382 - uniqueness (maximize): 0.841
2024-11-21 22:34:40,210 - Iteration number: 262
2024-11-21 23:01:33,754 - validity (maximize): 0.874
2024-11-21 23:01:33,756 - uniqueness (maximize): 0.862
2024-11-21 23:03:45,871 - Iteration number: 263
2024-11-21 23:29:10,144 - validity (maximize): 0.703
2024-11-21 23:29:10,147 - uniqueness (maximize): 0.782
2024-11-21 23:31:16,032 - Iteration number: 264
2024-11-21 23:58:26,473 - validity (maximize): 0.900
2024-11-21 23:58:26,475 - uniqueness (maximize): 0.861
2024-11-22 00:00:21,200 - Iteration number: 265
2024-11-22 00:07:08,208 - validity (maximize): 0.991
2024-11-22 00:07:08,210 - uniqueness (maximize): 0.025
2024-11-22 00:09:33,431 - Iteration number: 266
2024-11-22 00:36:30,614 - validity (maximize): 0.905
2024-11-22 00:36:30,616 - uniqueness (maximize): 0.835
2024-11-22 00:38:26,735 - Iteration number: 267
2024-11-22 01:05:23,405 - validity (maximize): 0.891
2024-11-22 01:05:23,407 - uniqueness (maximize): 0.862
2024-11-22 01:07:51,731 - Iteration number: 268
2024-11-22 01:34:32,211 - validity (maximize): 0.894
2024-11-22 01:34:32,213 - uniqueness (maximize): 0.860
2024-11-22 01:36:42,922 - Iteration number: 269
2024-11-22 02:04:14,930 - validity (maximize): 0.878
2024-11-22 02:04:14,933 - uniqueness (maximize): 0.852
2024-11-22 02:06:42,536 - Iteration number: 270
2024-11-22 02:33:13,048 - validity (maximize): 0.907
2024-11-22 02:33:13,050 - uniqueness (maximize): 0.846
2024-11-22 02:35:37,048 - Iteration number: 271
2024-11-22 03:01:21,452 - validity (maximize): 0.918
2024-11-22 03:01:21,454 - uniqueness (maximize): 0.803
2024-11-22 03:03:14,426 - Iteration number: 272
2024-11-22 03:30:03,386 - validity (maximize): 0.884
2024-11-22 03:30:03,388 - uniqueness (maximize): 0.854
2024-11-22 03:32:09,351 - Iteration number: 273
2024-11-22 03:59:09,919 - validity (maximize): 0.885
2024-11-22 03:59:09,921 - uniqueness (maximize): 0.868
2024-11-22 04:01:16,036 - Iteration number: 274
2024-11-22 04:09:05,340 - validity (maximize): 0.986
2024-11-22 04:09:05,342 - uniqueness (maximize): 0.033
2024-11-22 04:11:19,265 - Iteration number: 275
2024-11-22 04:38:14,331 - validity (maximize): 0.895
2024-11-22 04:38:14,333 - uniqueness (maximize): 0.856
2024-11-22 04:40:18,560 - Iteration number: 276
2024-11-22 04:53:58,426 - validity (maximize): 0.975
2024-11-22 04:53:58,428 - uniqueness (maximize): 0.173
2024-11-22 04:56:27,628 - Iteration number: 277
2024-11-22 05:23:12,101 - validity (maximize): 0.895
2024-11-22 05:23:12,103 - uniqueness (maximize): 0.857
2024-11-22 05:25:10,476 - Iteration number: 278
2024-11-22 05:52:16,929 - validity (maximize): 0.903
2024-11-22 05:52:16,931 - uniqueness (maximize): 0.825
2024-11-22 05:54:28,605 - Iteration number: 279
2024-11-22 06:20:57,027 - validity (maximize): 0.894
2024-11-22 06:20:57,029 - uniqueness (maximize): 0.833
2024-11-22 06:23:06,372 - Iteration number: 280
2024-11-22 06:50:04,256 - validity (maximize): 0.875
2024-11-22 06:50:04,258 - uniqueness (maximize): 0.877
2024-11-22 06:52:32,092 - Iteration number: 281
2024-11-22 07:19:25,277 - validity (maximize): 0.889
2024-11-22 07:19:25,279 - uniqueness (maximize): 0.875
2024-11-22 07:22:09,177 - Iteration number: 282
2024-11-22 07:48:41,127 - validity (maximize): 0.870
2024-11-22 07:48:41,129 - uniqueness (maximize): 0.852
2024-11-22 07:50:48,696 - Iteration number: 283
2024-11-22 08:17:48,969 - validity (maximize): 0.887
2024-11-22 08:17:48,971 - uniqueness (maximize): 0.879
2024-11-22 08:19:59,720 - Iteration number: 284
2024-11-22 08:47:06,894 - validity (maximize): 0.872
2024-11-22 08:47:06,896 - uniqueness (maximize): 0.881
2024-11-22 08:49:48,514 - Iteration number: 285
2024-11-22 09:16:22,456 - validity (maximize): 0.901
2024-11-22 09:16:22,458 - uniqueness (maximize): 0.875
2024-11-22 09:18:25,842 - Iteration number: 286
2024-11-22 09:41:40,920 - validity (maximize): 0.923
2024-11-22 09:41:40,921 - uniqueness (maximize): 0.466
2024-11-22 09:43:49,742 - Iteration number: 287
2024-11-22 10:02:11,641 - validity (maximize): 0.888
2024-11-22 10:02:11,643 - uniqueness (maximize): 0.247
2024-11-22 10:04:18,097 - Iteration number: 288
2024-11-22 10:10:57,811 - validity (maximize): 0.995
2024-11-22 10:10:57,813 - uniqueness (maximize): 0.019
2024-11-22 10:12:41,059 - Iteration number: 289
2024-11-22 10:21:00,948 - validity (maximize): 0.944
2024-11-22 10:21:00,950 - uniqueness (maximize): 0.067
2024-11-22 10:23:57,768 - Iteration number: 290
2024-11-22 10:50:12,829 - validity (maximize): 0.905
2024-11-22 10:50:12,831 - uniqueness (maximize): 0.852
2024-11-22 10:52:28,484 - Iteration number: 291
2024-11-22 11:19:14,147 - validity (maximize): 0.890
2024-11-22 11:19:14,149 - uniqueness (maximize): 0.878
2024-11-22 11:21:31,283 - Iteration number: 292
2024-11-22 11:48:39,360 - validity (maximize): 0.880
2024-11-22 11:48:39,362 - uniqueness (maximize): 0.904
2024-11-22 11:50:25,890 - Iteration number: 293
2024-11-22 12:17:05,247 - validity (maximize): 0.898
2024-11-22 12:17:05,249 - uniqueness (maximize): 0.849
2024-11-22 12:19:44,559 - Iteration number: 294
2024-11-22 12:46:58,683 - validity (maximize): 0.897
2024-11-22 12:46:58,685 - uniqueness (maximize): 0.890
2024-11-22 12:49:04,237 - Iteration number: 295
2024-11-22 13:16:16,071 - validity (maximize): 0.881
2024-11-22 13:16:16,073 - uniqueness (maximize): 0.887
2024-11-22 13:18:55,240 - Iteration number: 296
2024-11-22 13:45:46,372 - validity (maximize): 0.904
2024-11-22 13:45:46,375 - uniqueness (maximize): 0.881
2024-11-22 13:48:27,639 - Iteration number: 297
2024-11-22 14:15:43,048 - validity (maximize): 0.897
2024-11-22 14:15:43,050 - uniqueness (maximize): 0.893
2024-11-22 14:17:42,048 - Iteration number: 298
2024-11-22 14:44:21,891 - validity (maximize): 0.873
2024-11-22 14:44:21,893 - uniqueness (maximize): 0.880
2024-11-22 14:47:38,658 - Iteration number: 299
2024-11-22 15:14:50,489 - validity (maximize): 0.883
2024-11-22 15:14:50,491 - uniqueness (maximize): 0.892
2024-11-22 15:16:44,529 - Iteration number: 300
2024-11-22 15:43:57,620 - validity (maximize): 0.877
2024-11-22 15:43:57,622 - uniqueness (maximize): 0.893
2024-11-22 15:46:29,972 - Iteration number: 301
2024-11-22 16:13:21,347 - validity (maximize): 0.901
2024-11-22 16:13:21,349 - uniqueness (maximize): 0.872
2024-11-22 16:15:44,041 - Iteration number: 302
2024-11-22 16:42:32,683 - validity (maximize): 0.889
2024-11-22 16:42:32,685 - uniqueness (maximize): 0.907
2024-11-22 16:45:02,713 - Iteration number: 303
2024-11-22 17:11:05,533 - validity (maximize): 0.886
2024-11-22 17:11:05,535 - uniqueness (maximize): 0.900
2024-11-22 17:13:16,523 - Iteration number: 304
2024-11-22 17:39:13,381 - validity (maximize): 0.903
2024-11-22 17:39:13,383 - uniqueness (maximize): 0.824
2024-11-22 17:41:18,306 - Iteration number: 305
2024-11-22 17:53:35,262 - validity (maximize): 0.871
2024-11-22 17:53:35,264 - uniqueness (maximize): 0.158
2024-11-22 17:57:22,137 - Iteration number: 306
2024-11-22 18:15:44,096 - validity (maximize): 0.701
2024-11-22 18:15:44,098 - uniqueness (maximize): 0.304
2024-11-22 18:18:28,840 - Iteration number: 307
2024-11-22 18:44:15,325 - validity (maximize): 0.896
2024-11-22 18:44:15,327 - uniqueness (maximize): 0.899
2024-11-22 18:46:30,716 - Iteration number: 308
2024-11-22 19:12:36,522 - validity (maximize): 0.897
2024-11-22 19:12:36,524 - uniqueness (maximize): 0.906
2024-11-22 19:14:22,023 - Iteration number: 309
2024-11-22 19:40:23,257 - validity (maximize): 0.896
2024-11-22 19:40:23,260 - uniqueness (maximize): 0.911
2024-11-22 19:42:20,366 - Iteration number: 310
2024-11-22 20:08:06,975 - validity (maximize): 0.903
2024-11-22 20:08:06,977 - uniqueness (maximize): 0.904
2024-11-22 20:10:29,228 - Iteration number: 311
2024-11-22 20:36:15,260 - validity (maximize): 0.558
2024-11-22 20:36:15,262 - uniqueness (maximize): 0.935
2024-11-22 20:38:25,772 - Iteration number: 312
2024-11-22 20:45:34,814 - validity (maximize): 0.966
2024-11-22 20:45:34,816 - uniqueness (maximize): 0.039
2024-11-22 20:47:49,735 - Iteration number: 313
2024-11-22 21:13:44,940 - validity (maximize): 0.900
2024-11-22 21:13:44,942 - uniqueness (maximize): 0.902
2024-11-22 21:16:14,712 - Iteration number: 314
2024-11-22 21:42:38,657 - validity (maximize): 0.897
2024-11-22 21:42:38,658 - uniqueness (maximize): 0.896
2024-11-22 21:43:48,811 - Iteration number: 315
2024-11-22 22:09:31,739 - validity (maximize): 0.917
2024-11-22 22:09:31,741 - uniqueness (maximize): 0.893
2024-11-22 22:11:36,834 - Iteration number: 316
2024-11-22 22:38:01,932 - validity (maximize): 0.923
2024-11-22 22:38:01,934 - uniqueness (maximize): 0.883
2024-11-22 22:40:09,872 - Iteration number: 317
2024-11-22 23:06:21,042 - validity (maximize): 0.917
2024-11-22 23:06:21,044 - uniqueness (maximize): 0.881
2024-11-22 23:08:55,225 - Iteration number: 318
2024-11-22 23:34:58,979 - validity (maximize): 0.908
2024-11-22 23:34:58,981 - uniqueness (maximize): 0.889
2024-11-22 23:36:53,085 - Iteration number: 319
2024-11-23 00:02:58,323 - validity (maximize): 0.743
2024-11-23 00:02:58,325 - uniqueness (maximize): 0.885
2024-11-23 00:05:13,732 - Iteration number: 320
2024-11-23 00:32:05,476 - validity (maximize): 0.919
2024-11-23 00:32:05,478 - uniqueness (maximize): 0.892
2024-11-23 00:34:27,378 - Iteration number: 321
2024-11-23 01:01:52,703 - validity (maximize): 0.910
2024-11-23 01:01:52,705 - uniqueness (maximize): 0.907
2024-11-23 01:04:36,770 - Iteration number: 322
2024-11-23 01:32:10,038 - validity (maximize): 0.912
2024-11-23 01:32:10,040 - uniqueness (maximize): 0.909
2024-11-23 01:34:39,138 - Iteration number: 323
2024-11-23 02:01:31,719 - validity (maximize): 0.925
2024-11-23 02:01:31,721 - uniqueness (maximize): 0.889
2024-11-23 02:03:47,668 - Iteration number: 324
2024-11-23 02:30:33,294 - validity (maximize): 0.954
2024-11-23 02:30:33,296 - uniqueness (maximize): 0.836
2024-11-23 02:32:47,323 - Iteration number: 325
2024-11-23 03:00:09,810 - validity (maximize): 0.918
2024-11-23 03:00:09,812 - uniqueness (maximize): 0.889
2024-11-23 03:02:14,017 - Iteration number: 326
2024-11-23 03:29:28,969 - validity (maximize): 0.907
2024-11-23 03:29:28,971 - uniqueness (maximize): 0.905
2024-11-23 03:32:09,630 - Iteration number: 327
2024-11-23 03:59:11,593 - validity (maximize): 0.911
2024-11-23 03:59:11,594 - uniqueness (maximize): 0.892
2024-11-23 04:01:50,074 - Iteration number: 328
2024-11-23 04:28:49,296 - validity (maximize): 0.916
2024-11-23 04:28:49,298 - uniqueness (maximize): 0.879
2024-11-23 04:31:22,080 - Iteration number: 329
2024-11-23 04:58:32,897 - validity (maximize): 0.913
2024-11-23 04:58:32,899 - uniqueness (maximize): 0.883
2024-11-23 05:01:17,950 - Iteration number: 330
2024-11-25 00:27:35,888 - *** Further optimization based on the previous results ***
2024-11-25 00:27:35,889 - Previous data path: results_chemistry_constraint_bo/unconditional_9_2.csv
2024-11-25 00:27:35,891 - Task name: unconditional_9
2024-11-25 00:27:35,892 - Task: ['validity', 'uniqueness']
2024-11-25 00:27:35,894 - Condition: ['None', 'None']
2024-11-25 00:27:35,895 - objective: ['maximize', 'maximize']
2024-11-25 00:27:35,897 - # of heavy atoms: 9
2024-11-25 00:27:35,898 - # of samples: 10000
2024-11-25 00:27:35,900 - smarts: None
2024-11-25 00:27:35,901 - disable_connectivity_position: None
2024-11-25 00:27:35,961 - Using cuda: True
2024-11-25 00:27:35,963 - Number of flexible parameters: 134
2024-11-25 00:29:53,444 - Iteration number: 330
2024-11-25 00:41:39,703 - validity (maximize): 0.992
2024-11-25 00:41:39,705 - uniqueness (maximize): 0.015
2024-11-25 00:44:12,977 - Iteration number: 331
2024-11-25 01:11:41,126 - validity (maximize): 0.907
2024-11-25 01:11:41,128 - uniqueness (maximize): 0.890
2024-11-25 01:14:01,842 - Iteration number: 332
2024-11-25 01:41:32,234 - validity (maximize): 0.921
2024-11-25 01:41:32,236 - uniqueness (maximize): 0.898
2024-11-25 01:44:29,285 - Iteration number: 333
2024-11-25 02:11:46,993 - validity (maximize): 0.912
2024-11-25 02:11:46,995 - uniqueness (maximize): 0.900
2024-11-25 02:13:46,760 - Iteration number: 334
2024-11-25 02:40:08,330 - validity (maximize): 0.901
2024-11-25 02:40:08,332 - uniqueness (maximize): 0.842
2024-11-25 02:42:27,633 - Iteration number: 335
2024-11-25 03:10:12,391 - validity (maximize): 0.911
2024-11-25 03:10:12,393 - uniqueness (maximize): 0.896
2024-11-25 03:12:23,698 - Iteration number: 336
2024-11-25 03:19:34,310 - validity (maximize): 0.984
2024-11-25 03:19:34,312 - uniqueness (maximize): 0.023
2024-11-25 03:21:58,292 - Iteration number: 337
2024-11-25 03:50:18,484 - validity (maximize): 0.916
2024-11-25 03:50:18,486 - uniqueness (maximize): 0.911
2024-11-25 03:52:19,897 - Iteration number: 338
2024-11-25 04:20:03,683 - validity (maximize): 0.916
2024-11-25 04:20:03,685 - uniqueness (maximize): 0.901
2024-11-25 04:22:11,342 - Iteration number: 339
2024-11-25 04:49:55,128 - validity (maximize): 0.909
2024-11-25 04:49:55,130 - uniqueness (maximize): 0.911
2024-11-25 04:52:25,563 - Iteration number: 340
2024-11-25 04:59:28,379 - validity (maximize): 0.989
2024-11-25 04:59:28,381 - uniqueness (maximize): 0.004
2024-11-25 05:01:52,111 - Iteration number: 341
2024-11-25 05:08:36,373 - validity (maximize): 0.991
2024-11-25 05:08:36,375 - uniqueness (maximize): 0.010
2024-11-25 05:11:10,865 - Iteration number: 342
2024-11-25 05:39:08,640 - validity (maximize): 0.908
2024-11-25 05:39:08,642 - uniqueness (maximize): 0.913
2024-11-25 05:41:20,271 - Iteration number: 343
2024-11-25 06:08:42,975 - validity (maximize): 0.918
2024-11-25 06:08:42,977 - uniqueness (maximize): 0.913
2024-11-25 06:11:00,374 - Iteration number: 344
2024-11-25 06:38:06,743 - validity (maximize): 0.914
2024-11-25 06:38:06,745 - uniqueness (maximize): 0.912
2024-11-25 06:40:25,885 - Iteration number: 345
2024-11-25 07:07:41,399 - validity (maximize): 0.914
2024-11-25 07:07:41,401 - uniqueness (maximize): 0.893
2024-11-25 07:09:56,670 - Iteration number: 346
2024-11-25 07:36:48,461 - validity (maximize): 0.916
2024-11-25 07:36:48,463 - uniqueness (maximize): 0.908
2024-11-25 07:38:57,017 - Iteration number: 347
2024-11-25 08:05:57,865 - validity (maximize): 0.918
2024-11-25 08:05:57,867 - uniqueness (maximize): 0.900
2024-11-25 08:07:48,825 - Iteration number: 348
2024-11-25 08:34:49,878 - validity (maximize): 0.907
2024-11-25 08:34:49,879 - uniqueness (maximize): 0.902
2024-11-25 08:36:59,798 - Iteration number: 349
2024-11-25 08:43:48,306 - validity (maximize): 0.994
2024-11-25 08:43:48,308 - uniqueness (maximize): 0.002
2024-11-25 08:46:03,904 - Iteration number: 350
2024-11-25 09:06:05,611 - validity (maximize): 0.512
2024-11-25 09:06:05,614 - uniqueness (maximize): 0.241
2024-11-25 09:08:13,777 - Iteration number: 351
2024-11-25 09:34:38,062 - validity (maximize): 0.931
2024-11-25 09:34:38,064 - uniqueness (maximize): 0.869
2024-11-25 09:36:46,945 - Iteration number: 352
2024-11-25 09:46:40,752 - validity (maximize): 0.835
2024-11-25 09:46:40,754 - uniqueness (maximize): 0.046
2024-11-25 09:49:06,501 - Iteration number: 353
2024-11-25 10:16:05,378 - validity (maximize): 0.915
2024-11-25 10:16:05,380 - uniqueness (maximize): 0.908
2024-11-25 10:18:23,531 - Iteration number: 354
2024-11-25 10:45:16,270 - validity (maximize): 0.916
2024-11-25 10:45:16,272 - uniqueness (maximize): 0.908
2024-11-25 10:47:36,721 - Iteration number: 355
2024-11-25 11:13:05,405 - validity (maximize): 0.930
2024-11-25 11:13:05,407 - uniqueness (maximize): 0.845
2024-11-25 11:15:33,166 - Iteration number: 356
2024-11-25 11:42:54,416 - validity (maximize): 0.901
2024-11-25 11:42:54,418 - uniqueness (maximize): 0.920
2024-11-25 11:45:16,169 - Iteration number: 357
2024-11-25 12:12:26,319 - validity (maximize): 0.899
2024-11-25 12:12:26,321 - uniqueness (maximize): 0.918
2024-11-25 12:14:31,140 - Iteration number: 358
2024-11-25 12:37:59,152 - validity (maximize): 0.948
2024-11-25 12:37:59,154 - uniqueness (maximize): 0.560
2024-11-25 12:40:27,929 - Iteration number: 359
2024-11-25 13:07:23,162 - validity (maximize): 0.920
2024-11-25 13:07:23,165 - uniqueness (maximize): 0.913
2024-11-25 13:09:31,002 - Iteration number: 360
2024-11-25 13:27:33,453 - validity (maximize): 0.955
2024-11-25 13:27:33,455 - uniqueness (maximize): 0.208
2024-11-25 13:29:46,710 - Iteration number: 361
2024-11-25 13:57:03,888 - validity (maximize): 0.912
2024-11-25 13:57:03,889 - uniqueness (maximize): 0.932
2024-11-25 13:58:56,315 - Iteration number: 362
2024-11-25 14:12:09,419 - validity (maximize): 0.968
2024-11-25 14:12:09,421 - uniqueness (maximize): 0.174
2024-11-25 14:14:09,632 - Iteration number: 363
2024-11-25 14:41:35,116 - validity (maximize): 0.909
2024-11-25 14:41:35,118 - uniqueness (maximize): 0.929
2024-11-25 14:43:32,453 - Iteration number: 364
2024-11-25 15:11:05,274 - validity (maximize): 0.904
2024-11-25 15:11:05,276 - uniqueness (maximize): 0.932
2024-11-25 15:13:17,146 - Iteration number: 365
2024-11-25 15:40:48,123 - validity (maximize): 0.855
2024-11-25 15:40:48,125 - uniqueness (maximize): 0.951
2024-11-25 15:42:44,011 - Iteration number: 366
2024-11-25 16:10:11,831 - validity (maximize): 0.897
2024-11-25 16:10:11,833 - uniqueness (maximize): 0.933
2024-11-25 16:12:23,281 - Iteration number: 367
2024-11-25 16:39:36,632 - validity (maximize): 0.906
2024-11-25 16:39:36,634 - uniqueness (maximize): 0.920
2024-11-25 16:41:33,085 - Iteration number: 368
2024-11-25 16:48:10,134 - validity (maximize): 0.973
2024-11-25 16:48:10,136 - uniqueness (maximize): 0.015
2024-11-25 16:50:12,478 - Iteration number: 369
2024-11-25 16:56:17,728 - validity (maximize): 0.994
2024-11-25 16:56:17,730 - uniqueness (maximize): 0.009
2024-11-25 16:58:50,027 - Iteration number: 370
2024-11-25 17:26:05,519 - validity (maximize): 0.902
2024-11-25 17:26:05,522 - uniqueness (maximize): 0.921
2024-11-25 17:28:18,698 - Iteration number: 371
2024-11-25 17:55:15,954 - validity (maximize): 0.913
2024-11-25 17:55:15,956 - uniqueness (maximize): 0.919
2024-11-25 17:57:31,753 - Iteration number: 372
2024-11-25 18:24:38,740 - validity (maximize): 0.927
2024-11-25 18:24:38,742 - uniqueness (maximize): 0.851
2024-11-25 18:27:12,854 - Iteration number: 373
2024-11-25 18:54:22,673 - validity (maximize): 0.905
2024-11-25 18:54:22,675 - uniqueness (maximize): 0.921
2024-11-25 18:56:47,130 - Iteration number: 374
2024-11-25 19:24:09,992 - validity (maximize): 0.922
2024-11-25 19:24:09,994 - uniqueness (maximize): 0.914
2024-11-25 19:26:54,296 - Iteration number: 375
2024-11-25 19:54:08,660 - validity (maximize): 0.929
2024-11-25 19:54:08,662 - uniqueness (maximize): 0.915
2024-11-25 19:56:46,245 - Iteration number: 376
2024-11-25 20:24:16,315 - validity (maximize): 0.919
2024-11-25 20:24:16,317 - uniqueness (maximize): 0.915
2024-11-25 20:26:45,989 - Iteration number: 377
2024-11-25 20:54:03,471 - validity (maximize): 0.931
2024-11-25 20:54:03,474 - uniqueness (maximize): 0.896
2024-11-25 20:55:56,874 - Iteration number: 378
2024-11-25 21:22:56,409 - validity (maximize): 0.930
2024-11-25 21:22:56,411 - uniqueness (maximize): 0.916
2024-11-25 21:25:04,866 - Iteration number: 379
2024-11-25 21:52:07,419 - validity (maximize): 0.924
2024-11-25 21:52:07,421 - uniqueness (maximize): 0.910
2024-11-25 21:53:48,655 - Iteration number: 380
2024-11-25 22:20:39,673 - validity (maximize): 0.918
2024-11-25 22:20:39,675 - uniqueness (maximize): 0.905
2024-11-25 22:22:16,908 - Iteration number: 381
2024-11-25 22:49:22,077 - validity (maximize): 0.921
2024-11-25 22:49:22,079 - uniqueness (maximize): 0.914
2024-11-25 22:51:22,515 - Iteration number: 382
2024-11-25 23:18:36,884 - validity (maximize): 0.929
2024-11-25 23:18:36,886 - uniqueness (maximize): 0.914
2024-11-25 23:20:35,832 - Iteration number: 383
2024-11-25 23:47:34,755 - validity (maximize): 0.930
2024-11-25 23:47:34,757 - uniqueness (maximize): 0.911
2024-11-25 23:50:03,193 - Iteration number: 384
2024-11-26 00:17:13,530 - validity (maximize): 0.911
2024-11-26 00:17:13,532 - uniqueness (maximize): 0.929
2024-11-26 00:19:11,318 - Iteration number: 385
2024-11-26 00:46:35,548 - validity (maximize): 0.942
2024-11-26 00:46:35,550 - uniqueness (maximize): 0.899
2024-11-26 00:48:49,693 - Iteration number: 386
2024-11-26 01:16:10,093 - validity (maximize): 0.934
2024-11-26 01:16:10,095 - uniqueness (maximize): 0.910
2024-11-26 01:18:47,184 - Iteration number: 387
2024-11-26 01:46:13,734 - validity (maximize): 0.927
2024-11-26 01:46:13,736 - uniqueness (maximize): 0.909
2024-11-26 01:49:05,718 - Iteration number: 388
2024-11-26 02:16:15,442 - validity (maximize): 0.932
2024-11-26 02:16:15,444 - uniqueness (maximize): 0.910
2024-11-26 02:18:54,202 - Iteration number: 389
2024-11-26 02:46:15,062 - validity (maximize): 0.943
2024-11-26 02:46:15,063 - uniqueness (maximize): 0.778
2024-11-26 02:48:40,319 - Iteration number: 390
2024-11-26 03:15:44,525 - validity (maximize): 0.951
2024-11-26 03:15:44,527 - uniqueness (maximize): 0.860
2024-11-26 03:17:25,840 - Iteration number: 391
2024-11-26 03:44:51,546 - validity (maximize): 0.930
2024-11-26 03:44:51,548 - uniqueness (maximize): 0.901
2024-11-26 03:47:21,372 - Iteration number: 392
2024-11-26 04:14:16,602 - validity (maximize): 0.883
2024-11-26 04:14:16,604 - uniqueness (maximize): 0.907
2024-11-26 04:16:26,802 - Iteration number: 393
2024-11-26 04:43:11,242 - validity (maximize): 0.929
2024-11-26 04:43:11,244 - uniqueness (maximize): 0.903
2024-11-26 04:45:42,302 - Iteration number: 394
2024-11-26 05:11:36,351 - validity (maximize): 0.941
2024-11-26 05:11:36,352 - uniqueness (maximize): 0.872
2024-11-26 05:13:49,662 - Iteration number: 395
2024-11-26 05:40:10,456 - validity (maximize): 0.914
2024-11-26 05:40:10,458 - uniqueness (maximize): 0.921
2024-11-26 05:43:02,736 - Iteration number: 396
2024-11-26 06:09:26,510 - validity (maximize): 0.910
2024-11-26 06:09:26,512 - uniqueness (maximize): 0.916
2024-11-26 06:11:29,159 - Iteration number: 397
2024-11-26 06:37:45,036 - validity (maximize): 0.928
2024-11-26 06:37:45,038 - uniqueness (maximize): 0.915
2024-11-26 06:40:35,232 - Iteration number: 398
2024-11-26 07:07:07,539 - validity (maximize): 0.931
2024-11-26 07:07:07,541 - uniqueness (maximize): 0.913
2024-11-26 07:09:13,752 - Iteration number: 399
2024-11-26 07:35:40,692 - validity (maximize): 0.936
2024-11-26 07:35:40,694 - uniqueness (maximize): 0.891
2024-11-26 07:38:18,931 - Iteration number: 400
2024-11-26 08:04:49,310 - validity (maximize): 0.933
2024-11-26 08:04:49,312 - uniqueness (maximize): 0.916
2024-11-26 08:07:03,836 - Iteration number: 401
2024-11-26 08:30:57,108 - validity (maximize): 0.875
2024-11-26 08:30:57,110 - uniqueness (maximize): 0.528
2024-11-26 08:33:23,047 - Iteration number: 402
2024-11-26 08:59:57,934 - validity (maximize): 0.926
2024-11-26 08:59:57,936 - uniqueness (maximize): 0.915
2024-11-26 09:02:55,008 - Iteration number: 403
2025-01-12 03:25:38,216 - *** Further optimization based on the previous results ***
2025-01-12 03:25:38,217 - Previous data path: results_chemistry_constraint_bo/unconditional_9_3.csv
2025-01-12 03:25:38,219 - Task name: unconditional_9
2025-01-12 03:25:38,220 - Task: ['validity', 'uniqueness']
2025-01-12 03:25:38,222 - Condition: ['None', 'None']
2025-01-12 03:25:38,224 - objective: ['maximize', 'maximize']
2025-01-12 03:25:38,225 - # of heavy atoms: 9
2025-01-12 03:25:38,227 - # of samples: 10000
2025-01-12 03:25:38,228 - smarts: None
2025-01-12 03:25:38,230 - disable_connectivity_position: None
2025-01-12 03:25:38,316 - Using cuda: True
2025-01-12 03:25:38,318 - Number of flexible parameters: 134
2025-01-12 03:28:12,392 - Iteration number: 403
2025-01-12 06:34:39,935 - *** Further optimization based on the previous results ***
2025-01-12 06:34:39,937 - Previous data path: results_chemistry_constraint_bo/unconditional_9_3.csv
2025-01-12 06:34:39,939 - Task name: unconditional_9
2025-01-12 06:34:39,940 - Task: ['validity', 'uniqueness']
2025-01-12 06:34:39,942 - Condition: ['None', 'None']
2025-01-12 06:34:39,943 - objective: ['maximize', 'maximize']
2025-01-12 06:34:39,945 - # of heavy atoms: 9
2025-01-12 06:34:39,946 - # of samples: 10000
2025-01-12 06:34:39,948 - smarts: None
2025-01-12 06:34:39,949 - disable_connectivity_position: None
2025-01-12 06:34:40,005 - Using cuda: True
2025-01-12 06:34:40,007 - Number of flexible parameters: 134
2025-01-12 06:36:56,919 - Iteration number: 403
2025-01-12 06:48:50,419 - validity (maximize): 0.934
2025-01-12 06:48:50,421 - uniqueness (maximize): 0.921
2025-01-12 06:51:50,605 - Iteration number: 404
2025-01-12 07:03:47,009 - validity (maximize): 0.925
2025-01-12 07:03:47,012 - uniqueness (maximize): 0.917
2025-01-12 07:06:14,367 - Iteration number: 405
2025-01-12 07:12:21,403 - validity (maximize): 0.900
2025-01-12 07:12:21,405 - uniqueness (maximize): 0.187
2025-01-12 07:14:36,656 - Iteration number: 406
2025-01-12 07:26:42,299 - validity (maximize): 0.931
2025-01-12 07:26:42,301 - uniqueness (maximize): 0.923
2025-01-12 07:28:58,456 - Iteration number: 407
2025-01-12 07:31:21,536 - validity (maximize): 1.000
2025-01-12 07:31:21,538 - uniqueness (maximize): 0.001
2025-01-12 07:34:07,155 - Iteration number: 408
2025-01-12 07:46:13,266 - validity (maximize): 0.925
2025-01-12 07:46:13,268 - uniqueness (maximize): 0.893
2025-01-12 07:48:42,538 - Iteration number: 409
2025-01-12 08:00:39,785 - validity (maximize): 0.927
2025-01-12 08:00:39,788 - uniqueness (maximize): 0.927
2025-01-12 08:03:00,084 - Iteration number: 410
2025-01-12 08:15:00,785 - validity (maximize): 0.938
2025-01-12 08:15:00,787 - uniqueness (maximize): 0.920
2025-01-12 08:17:06,489 - Iteration number: 411
2025-01-12 08:28:19,771 - validity (maximize): 0.749
2025-01-12 08:28:19,773 - uniqueness (maximize): 0.738
2025-01-12 08:30:53,846 - Iteration number: 412
2025-01-12 08:42:59,845 - validity (maximize): 0.931
2025-01-12 08:42:59,847 - uniqueness (maximize): 0.922
2025-01-12 08:44:56,478 - Iteration number: 413
2025-01-12 08:52:10,872 - validity (maximize): 0.977
2025-01-12 08:52:10,874 - uniqueness (maximize): 0.150
2025-01-12 08:53:55,116 - Iteration number: 414
2025-01-12 08:58:33,390 - validity (maximize): 0.750
2025-01-12 08:58:33,393 - uniqueness (maximize): 0.111
2025-01-12 09:01:11,521 - Iteration number: 415
2025-01-12 09:13:19,922 - validity (maximize): 0.929
2025-01-12 09:13:19,923 - uniqueness (maximize): 0.919
2025-01-12 09:15:24,481 - Iteration number: 416
2025-01-12 09:21:13,762 - validity (maximize): 0.827
2025-01-12 09:21:13,764 - uniqueness (maximize): 0.132
2025-01-12 09:23:14,959 - Iteration number: 417
2025-01-12 09:35:24,795 - validity (maximize): 0.927
2025-01-12 09:35:24,797 - uniqueness (maximize): 0.917
2025-01-12 09:37:50,933 - Iteration number: 418
2025-01-12 09:49:42,952 - validity (maximize): 0.798
2025-01-12 09:49:42,954 - uniqueness (maximize): 0.944
2025-01-12 09:51:54,084 - Iteration number: 419
2025-01-12 09:54:29,226 - validity (maximize): 0.992
2025-01-12 09:54:29,287 - uniqueness (maximize): 0.014
2025-01-12 09:56:56,857 - Iteration number: 420
2025-01-12 10:09:19,177 - validity (maximize): 0.919
2025-01-12 10:09:19,179 - uniqueness (maximize): 0.906
2025-01-12 10:11:43,146 - Iteration number: 421
2025-01-12 10:15:49,770 - validity (maximize): 0.904
2025-01-12 10:15:49,771 - uniqueness (maximize): 0.034
2025-01-12 10:17:57,428 - Iteration number: 422
2025-01-12 10:20:52,794 - validity (maximize): 0.995
2025-01-12 10:20:52,796 - uniqueness (maximize): 0.026
2025-01-12 10:23:21,692 - Iteration number: 423
2025-01-12 10:35:15,366 - validity (maximize): 0.783
2025-01-12 10:35:15,368 - uniqueness (maximize): 0.910
2025-01-12 10:37:48,131 - Iteration number: 424
2025-01-12 10:49:42,857 - validity (maximize): 0.926
2025-01-12 10:49:42,859 - uniqueness (maximize): 0.929
2025-01-12 10:51:48,610 - Iteration number: 425
2025-01-12 11:03:50,943 - validity (maximize): 0.934
2025-01-12 11:03:50,945 - uniqueness (maximize): 0.922
2025-01-12 11:06:17,068 - Iteration number: 426
2025-01-12 11:18:24,910 - validity (maximize): 0.911
2025-01-12 11:18:24,912 - uniqueness (maximize): 0.936
2025-01-12 11:21:22,020 - Iteration number: 427
2025-01-12 11:33:22,702 - validity (maximize): 0.934
2025-01-12 11:33:22,704 - uniqueness (maximize): 0.924
2025-01-12 11:35:28,371 - Iteration number: 428
2025-01-12 11:38:30,123 - validity (maximize): 0.974
2025-01-12 11:38:30,125 - uniqueness (maximize): 0.005
2025-01-12 11:40:33,653 - Iteration number: 429
2025-01-12 11:52:24,499 - validity (maximize): 0.939
2025-01-12 11:52:24,501 - uniqueness (maximize): 0.912
2025-01-12 11:54:45,367 - Iteration number: 430
2025-01-12 12:06:43,428 - validity (maximize): 0.938
2025-01-12 12:06:43,430 - uniqueness (maximize): 0.919
2025-01-12 12:09:37,180 - Iteration number: 431
2025-01-12 12:21:27,556 - validity (maximize): 0.945
2025-01-12 12:21:27,558 - uniqueness (maximize): 0.914
2025-01-12 12:23:42,184 - Iteration number: 432
2025-01-12 12:26:28,716 - validity (maximize): 1.000
2025-01-12 12:26:28,718 - uniqueness (maximize): 0.005
2025-01-12 12:28:45,928 - Iteration number: 433
2025-01-12 12:40:27,848 - validity (maximize): 0.929
2025-01-12 12:40:27,850 - uniqueness (maximize): 0.902
2025-01-12 12:42:51,452 - Iteration number: 434
2025-01-12 12:54:47,653 - validity (maximize): 0.945
2025-01-12 12:54:47,655 - uniqueness (maximize): 0.915
2025-01-12 12:57:15,877 - Iteration number: 435
2025-01-12 13:09:25,224 - validity (maximize): 0.943
2025-01-12 13:09:25,227 - uniqueness (maximize): 0.913
2025-01-12 13:12:16,158 - Iteration number: 436
2025-01-12 13:24:20,394 - validity (maximize): 0.945
2025-01-12 13:24:20,396 - uniqueness (maximize): 0.916
2025-01-12 13:26:57,490 - Iteration number: 437
2025-01-12 13:30:13,051 - validity (maximize): 0.991
2025-01-12 13:30:13,053 - uniqueness (maximize): 0.028
2025-01-12 13:33:41,365 - Iteration number: 438
2025-01-12 13:42:27,615 - validity (maximize): 0.989
2025-01-12 13:42:27,617 - uniqueness (maximize): 0.218
2025-01-12 13:44:45,257 - Iteration number: 439
2025-01-12 13:56:49,566 - validity (maximize): 0.944
2025-01-12 13:56:49,568 - uniqueness (maximize): 0.915
2025-01-12 13:59:52,987 - Iteration number: 440
2025-01-12 14:12:00,659 - validity (maximize): 0.941
2025-01-12 14:12:00,661 - uniqueness (maximize): 0.917
2025-01-12 14:14:43,674 - Iteration number: 441
2025-01-12 14:27:02,152 - validity (maximize): 0.801
2025-01-12 14:27:02,154 - uniqueness (maximize): 0.900
2025-01-12 14:29:36,560 - Iteration number: 442
2025-01-12 14:41:33,265 - validity (maximize): 0.928
2025-01-12 14:41:33,267 - uniqueness (maximize): 0.933
2025-01-12 14:43:52,641 - Iteration number: 443
2025-01-12 14:55:47,006 - validity (maximize): 0.935
2025-01-12 14:55:47,008 - uniqueness (maximize): 0.911
2025-01-12 14:58:15,802 - Iteration number: 444
2025-01-12 15:00:36,871 - validity (maximize): 1.000
2025-01-12 15:00:36,873 - uniqueness (maximize): 0.001
2025-01-12 15:03:25,012 - Iteration number: 445
2025-01-12 15:15:28,198 - validity (maximize): 0.895
2025-01-12 15:15:28,200 - uniqueness (maximize): 0.919
2025-01-12 15:18:49,911 - Iteration number: 446
2025-01-12 15:30:43,654 - validity (maximize): 0.939
2025-01-12 15:30:43,656 - uniqueness (maximize): 0.857
2025-01-12 15:33:29,656 - Iteration number: 447
2025-01-12 15:46:00,315 - validity (maximize): 0.161
2025-01-12 15:46:00,317 - uniqueness (maximize): 0.969
2025-01-12 15:48:42,164 - Iteration number: 448
2025-01-12 15:52:25,542 - validity (maximize): 0.976
2025-01-12 15:52:25,544 - uniqueness (maximize): 0.066
2025-01-12 15:54:22,514 - Iteration number: 449
2025-01-12 15:56:46,400 - validity (maximize): 1.000
2025-01-12 15:56:46,402 - uniqueness (maximize): 0.001
2025-01-12 15:59:12,292 - Iteration number: 450
2025-01-12 16:02:01,579 - validity (maximize): 0.991
2025-01-12 16:02:01,581 - uniqueness (maximize): 0.032
2025-01-12 16:04:37,344 - Iteration number: 451
2025-01-12 16:16:41,739 - validity (maximize): 0.941
2025-01-12 16:16:41,741 - uniqueness (maximize): 0.924
2025-01-12 16:21:06,966 - Iteration number: 452
2025-01-12 16:33:13,643 - validity (maximize): 0.942
2025-01-12 16:33:13,645 - uniqueness (maximize): 0.915
2025-01-12 16:36:08,156 - Iteration number: 453
2025-01-12 16:48:11,263 - validity (maximize): 0.933
2025-01-12 16:48:11,265 - uniqueness (maximize): 0.922
2025-01-12 16:50:30,075 - Iteration number: 454
2025-01-12 16:54:08,619 - validity (maximize): 0.995
2025-01-12 16:54:08,621 - uniqueness (maximize): 0.021
2025-01-12 16:56:19,498 - Iteration number: 455
2025-01-12 17:08:19,626 - validity (maximize): 0.934
2025-01-12 17:08:19,629 - uniqueness (maximize): 0.917
2025-01-12 17:11:58,900 - Iteration number: 456
2025-01-12 17:24:00,467 - validity (maximize): 0.939
2025-01-12 17:24:00,469 - uniqueness (maximize): 0.915
2025-01-12 17:25:17,335 - Iteration number: 457
2025-01-12 17:37:51,520 - validity (maximize): 0.921
2025-01-12 17:37:51,522 - uniqueness (maximize): 0.911
2025-01-12 17:40:25,021 - Iteration number: 458
2025-01-12 17:52:45,137 - validity (maximize): 0.930
2025-01-12 17:52:45,139 - uniqueness (maximize): 0.938
2025-01-12 17:55:19,284 - Iteration number: 459
2025-01-12 18:07:25,296 - validity (maximize): 0.936
2025-01-12 18:07:25,298 - uniqueness (maximize): 0.926
2025-01-12 18:09:31,565 - Iteration number: 460
2025-01-12 18:21:45,884 - validity (maximize): 0.939
2025-01-12 18:21:45,886 - uniqueness (maximize): 0.925
2025-01-12 18:23:27,521 - Iteration number: 461
2025-01-12 18:35:34,480 - validity (maximize): 0.924
2025-01-12 18:35:34,482 - uniqueness (maximize): 0.937
2025-01-12 18:37:39,745 - Iteration number: 462
2025-01-12 18:49:45,347 - validity (maximize): 0.944
2025-01-12 18:49:45,349 - uniqueness (maximize): 0.915
2025-01-12 18:52:07,407 - Iteration number: 463
2025-01-12 19:04:13,749 - validity (maximize): 0.939
2025-01-12 19:04:13,750 - uniqueness (maximize): 0.922
2025-01-12 19:06:51,608 - Iteration number: 464
2025-01-12 19:16:18,614 - validity (maximize): 0.703
2025-01-12 19:16:18,617 - uniqueness (maximize): 0.397
2025-01-12 19:19:24,612 - Iteration number: 465
2025-01-12 19:22:28,579 - validity (maximize): 0.994
2025-01-12 19:22:28,580 - uniqueness (maximize): 0.009
2025-01-12 19:24:35,391 - Iteration number: 466
2025-01-12 19:27:06,398 - validity (maximize): 0.994
2025-01-12 19:27:06,400 - uniqueness (maximize): 0.013
2025-01-12 19:28:45,847 - Iteration number: 467
2025-01-12 19:32:49,381 - validity (maximize): 0.984
2025-01-12 19:32:49,383 - uniqueness (maximize): 0.044
2025-01-12 19:35:13,342 - Iteration number: 468
2025-01-12 19:47:29,738 - validity (maximize): 0.935
2025-01-12 19:47:29,739 - uniqueness (maximize): 0.929
2025-01-12 19:50:06,439 - Iteration number: 469
2025-01-12 19:55:40,967 - validity (maximize): 0.834
2025-01-12 19:55:40,968 - uniqueness (maximize): 0.171
2025-01-12 19:57:56,457 - Iteration number: 470
2025-01-12 20:10:11,606 - validity (maximize): 0.943
2025-01-12 20:10:11,608 - uniqueness (maximize): 0.918
2025-01-12 20:13:32,719 - Iteration number: 471
2025-01-12 20:25:46,425 - validity (maximize): 0.930
2025-01-12 20:25:46,427 - uniqueness (maximize): 0.933
2025-01-12 20:28:23,487 - Iteration number: 472
2025-01-12 20:40:47,726 - validity (maximize): 0.107
2025-01-12 20:40:47,728 - uniqueness (maximize): 0.881
2025-01-12 20:43:40,485 - Iteration number: 473
2025-01-12 20:55:41,945 - validity (maximize): 0.945
2025-01-12 20:55:41,947 - uniqueness (maximize): 0.917
2025-01-12 20:58:11,604 - Iteration number: 474
2025-01-12 21:10:23,155 - validity (maximize): 0.943
2025-01-12 21:10:23,157 - uniqueness (maximize): 0.889
2025-01-12 21:14:18,758 - Iteration number: 475
2025-01-12 21:23:16,298 - validity (maximize): 0.955
2025-01-12 21:23:16,300 - uniqueness (maximize): 0.348
2025-01-12 21:25:56,671 - Iteration number: 476
2025-01-12 21:38:11,284 - validity (maximize): 0.930
2025-01-12 21:38:11,285 - uniqueness (maximize): 0.933
2025-01-12 21:41:02,880 - Iteration number: 477
2025-01-12 21:53:03,530 - validity (maximize): 0.856
2025-01-12 21:53:03,532 - uniqueness (maximize): 0.815
2025-01-12 21:55:24,051 - Iteration number: 478
2025-01-12 22:00:21,040 - validity (maximize): 0.860
2025-01-12 22:00:21,042 - uniqueness (maximize): 0.076
2025-01-12 22:03:07,130 - Iteration number: 479
2025-01-12 22:06:19,191 - validity (maximize): 0.988
2025-01-12 22:06:19,193 - uniqueness (maximize): 0.004
2025-01-12 22:09:06,182 - Iteration number: 480
2025-01-12 22:21:13,313 - validity (maximize): 0.935
2025-01-12 22:21:13,315 - uniqueness (maximize): 0.926
2025-01-12 22:24:05,347 - Iteration number: 481
2025-01-12 22:36:13,714 - validity (maximize): 0.931
2025-01-12 22:36:13,716 - uniqueness (maximize): 0.928
2025-01-12 22:39:13,053 - Iteration number: 482
2025-01-12 22:51:22,217 - validity (maximize): 0.939
2025-01-12 22:51:22,219 - uniqueness (maximize): 0.915
2025-01-12 22:54:06,500 - Iteration number: 483
2025-01-12 23:06:17,803 - validity (maximize): 0.932
2025-01-12 23:06:17,805 - uniqueness (maximize): 0.929
2025-01-12 23:10:07,294 - Iteration number: 484
2025-01-12 23:22:10,411 - validity (maximize): 0.952
2025-01-12 23:22:10,414 - uniqueness (maximize): 0.913
2025-01-12 23:24:48,283 - Iteration number: 485
2025-01-12 23:37:15,252 - validity (maximize): 0.090
2025-01-12 23:37:15,255 - uniqueness (maximize): 0.899
2025-01-12 23:40:29,252 - Iteration number: 486
2025-01-12 23:52:41,000 - validity (maximize): 0.951
2025-01-12 23:52:41,068 - uniqueness (maximize): 0.903
2025-01-12 23:55:20,553 - Iteration number: 487
2025-01-13 00:07:31,950 - validity (maximize): 0.945
2025-01-13 00:07:31,976 - uniqueness (maximize): 0.895
2025-01-13 00:10:25,727 - Iteration number: 488
2025-01-13 00:22:36,217 - validity (maximize): 0.947
2025-01-13 00:22:36,220 - uniqueness (maximize): 0.911
2025-01-13 00:25:18,351 - Iteration number: 489
2025-01-13 00:37:19,545 - validity (maximize): 0.950
2025-01-13 00:37:19,547 - uniqueness (maximize): 0.906
2025-01-13 00:39:46,433 - Iteration number: 490
2025-01-13 00:50:35,991 - validity (maximize): 0.944
2025-01-13 00:50:35,994 - uniqueness (maximize): 0.689
2025-01-13 00:53:10,608 - Iteration number: 491
2025-01-13 01:05:08,305 - validity (maximize): 0.940
2025-01-13 01:05:08,307 - uniqueness (maximize): 0.915
2025-01-13 01:07:22,105 - Iteration number: 492
2025-01-13 01:10:01,567 - validity (maximize): 0.996
2025-01-13 01:10:01,569 - uniqueness (maximize): 0.011
2025-01-13 01:12:36,836 - Iteration number: 493
2025-01-13 01:15:13,031 - validity (maximize): 1.000
2025-01-13 01:15:13,033 - uniqueness (maximize): 0.001
2025-01-13 01:17:36,876 - Iteration number: 494
2025-01-13 01:20:06,979 - validity (maximize): 0.969
2025-01-13 01:20:06,982 - uniqueness (maximize): 0.002
2025-01-13 01:22:46,146 - Iteration number: 495
2025-01-13 01:26:01,532 - validity (maximize): 0.890
2025-01-13 01:26:01,534 - uniqueness (maximize): 0.011
2025-01-13 01:29:27,272 - Iteration number: 496
2025-01-13 01:41:26,020 - validity (maximize): 0.878
2025-01-13 01:41:26,022 - uniqueness (maximize): 0.770
2025-01-13 01:44:37,853 - Iteration number: 497
2025-01-13 01:56:40,030 - validity (maximize): 0.947
2025-01-13 01:56:40,033 - uniqueness (maximize): 0.903
2025-01-13 01:59:35,711 - Iteration number: 498
2025-01-13 02:11:24,098 - validity (maximize): 0.874
2025-01-13 02:11:24,101 - uniqueness (maximize): 0.918
2025-01-13 02:13:22,063 - Iteration number: 499
2025-01-13 02:25:28,250 - validity (maximize): 0.914
2025-01-13 02:25:28,252 - uniqueness (maximize): 0.929
2025-01-13 02:28:14,222 - Iteration number: 500
2025-01-13 02:30:56,998 - validity (maximize): 0.996
2025-01-13 02:30:57,000 - uniqueness (maximize): 0.007
2025-01-13 02:33:53,908 - Iteration number: 501
2025-01-13 02:45:58,323 - validity (maximize): 0.945
2025-01-13 02:45:58,325 - uniqueness (maximize): 0.934
2025-01-13 02:48:48,338 - Iteration number: 502
2025-01-13 03:01:08,881 - validity (maximize): 0.924
2025-01-13 03:01:08,883 - uniqueness (maximize): 0.931
2025-01-13 03:03:46,703 - Iteration number: 503
2025-01-13 03:07:01,638 - validity (maximize): 0.988
2025-01-13 03:07:01,640 - uniqueness (maximize): 0.014
2025-01-13 03:10:32,958 - Iteration number: 504
2025-01-13 03:22:29,972 - validity (maximize): 0.949
2025-01-13 03:22:29,974 - uniqueness (maximize): 0.920
2025-01-13 03:25:06,854 - Iteration number: 505
2025-01-13 03:27:28,087 - validity (maximize): 1.000
2025-01-13 03:27:28,089 - uniqueness (maximize): 0.001
2025-01-13 03:31:25,995 - Iteration number: 506
2025-01-13 03:33:48,229 - validity (maximize): 0.998
2025-01-13 03:33:48,231 - uniqueness (maximize): 0.001
2025-01-13 03:36:54,908 - Iteration number: 507
2025-01-13 03:48:37,983 - validity (maximize): 0.859
2025-01-13 03:48:37,986 - uniqueness (maximize): 0.832
2025-01-13 03:51:21,709 - Iteration number: 508
2025-01-13 03:53:44,009 - validity (maximize): 1.000
2025-01-13 03:53:44,011 - uniqueness (maximize): 0.005
2025-01-13 03:56:18,528 - Iteration number: 509
2025-01-13 04:08:45,737 - validity (maximize): 0.625
2025-01-13 04:08:45,739 - uniqueness (maximize): 0.791
2025-01-13 04:11:10,379 - Iteration number: 510
2025-01-13 04:14:13,956 - validity (maximize): 0.992
2025-01-13 04:14:13,959 - uniqueness (maximize): 0.040
2025-01-13 04:17:07,357 - Iteration number: 511
2025-01-13 04:29:13,529 - validity (maximize): 0.946
2025-01-13 04:29:13,531 - uniqueness (maximize): 0.923
2025-01-13 04:31:31,497 - Iteration number: 512
2025-01-13 04:34:40,105 - validity (maximize): 0.857
2025-01-13 04:34:40,107 - uniqueness (maximize): 0.007
2025-01-13 04:37:09,065 - Iteration number: 513
2025-01-13 04:39:41,292 - validity (maximize): 0.980
2025-01-13 04:39:41,294 - uniqueness (maximize): 0.005
2025-01-13 04:43:03,899 - Iteration number: 514
2025-01-13 04:55:17,595 - validity (maximize): 0.939
2025-01-13 04:55:17,596 - uniqueness (maximize): 0.931
2025-01-13 04:58:19,317 - Iteration number: 515
2025-01-13 05:10:29,710 - validity (maximize): 0.949
2025-01-13 05:10:29,712 - uniqueness (maximize): 0.918
2025-01-13 05:13:46,254 - Iteration number: 516
2025-01-13 05:25:50,866 - validity (maximize): 0.941
2025-01-13 05:25:50,868 - uniqueness (maximize): 0.924
2025-01-13 05:29:04,604 - Iteration number: 517
2025-01-13 05:41:06,229 - validity (maximize): 0.950
2025-01-13 05:41:06,231 - uniqueness (maximize): 0.928
2025-01-13 05:44:11,363 - Iteration number: 518
2025-01-13 05:56:12,129 - validity (maximize): 0.960
2025-01-13 05:56:12,131 - uniqueness (maximize): 0.907
2025-01-13 05:58:19,859 - Iteration number: 519
2025-01-13 06:01:07,167 - validity (maximize): 0.975
2025-01-13 06:01:07,169 - uniqueness (maximize): 0.020
2025-01-13 06:03:57,618 - Iteration number: 520
2025-01-13 06:16:00,948 - validity (maximize): 0.951
2025-01-13 06:16:00,950 - uniqueness (maximize): 0.923
2025-01-13 06:18:20,325 - Iteration number: 521
2025-01-13 06:22:27,175 - validity (maximize): 0.996
2025-01-13 06:22:27,177 - uniqueness (maximize): 0.014
2025-01-13 06:25:14,090 - Iteration number: 522
2025-01-13 06:37:32,220 - validity (maximize): 0.799
2025-01-13 06:37:32,222 - uniqueness (maximize): 0.738
2025-01-13 06:40:40,815 - Iteration number: 523
2025-01-13 06:52:34,043 - validity (maximize): 0.900
2025-01-13 06:52:34,045 - uniqueness (maximize): 0.849
2025-01-13 06:55:22,321 - Iteration number: 524
2025-01-13 07:04:41,540 - validity (maximize): 0.792
2025-01-13 07:04:41,542 - uniqueness (maximize): 0.443
2025-01-13 07:08:09,061 - Iteration number: 525
2025-01-13 07:20:07,914 - validity (maximize): 0.941
2025-01-13 07:20:07,916 - uniqueness (maximize): 0.923
2025-01-13 07:23:08,646 - Iteration number: 526
2025-01-13 07:35:12,552 - validity (maximize): 0.952
2025-01-13 07:35:12,554 - uniqueness (maximize): 0.917
2025-01-13 07:38:33,488 - Iteration number: 527
2025-01-13 07:50:37,015 - validity (maximize): 0.946
2025-01-13 07:50:37,017 - uniqueness (maximize): 0.915
2025-01-13 07:53:36,199 - Iteration number: 528
2025-01-13 08:05:29,647 - validity (maximize): 0.953
2025-01-13 08:05:29,649 - uniqueness (maximize): 0.912
2025-01-13 08:08:07,264 - Iteration number: 529
2025-01-13 08:20:01,961 - validity (maximize): 0.957
2025-01-13 08:20:01,962 - uniqueness (maximize): 0.922
2025-01-13 08:22:32,350 - Iteration number: 530
2025-01-13 08:34:27,052 - validity (maximize): 0.960
2025-01-13 08:34:27,054 - uniqueness (maximize): 0.913
2025-01-13 08:37:34,023 - Iteration number: 531
2025-01-13 08:49:32,468 - validity (maximize): 0.962
2025-01-13 08:49:32,470 - uniqueness (maximize): 0.913
2025-01-13 08:52:35,060 - Iteration number: 532
2025-01-13 09:04:34,391 - validity (maximize): 0.951
2025-01-13 09:04:34,393 - uniqueness (maximize): 0.922
2025-01-13 09:07:56,838 - Iteration number: 533
2025-01-13 09:19:55,981 - validity (maximize): 0.952
2025-01-13 09:19:55,983 - uniqueness (maximize): 0.927
2025-01-13 09:23:15,052 - Iteration number: 534
2025-01-13 09:35:14,663 - validity (maximize): 0.957
2025-01-13 09:35:14,665 - uniqueness (maximize): 0.914
2025-01-13 09:38:36,622 - Iteration number: 535
2025-01-13 09:50:34,255 - validity (maximize): 0.924
2025-01-13 09:50:34,257 - uniqueness (maximize): 0.933
2025-01-13 09:53:41,882 - Iteration number: 536
2025-01-13 10:05:43,320 - validity (maximize): 0.955
2025-01-13 10:05:43,321 - uniqueness (maximize): 0.925
2025-01-13 10:08:15,642 - Iteration number: 537
2025-01-13 10:20:09,337 - validity (maximize): 0.961
2025-01-13 10:20:09,339 - uniqueness (maximize): 0.904
2025-01-13 10:23:11,103 - Iteration number: 538
2025-01-13 10:35:14,272 - validity (maximize): 0.954
2025-01-13 10:35:14,274 - uniqueness (maximize): 0.923
2025-01-13 10:37:29,374 - Iteration number: 539
2025-01-13 10:39:59,659 - validity (maximize): 0.997
2025-01-13 10:39:59,661 - uniqueness (maximize): 0.007
2025-01-13 10:42:28,766 - Iteration number: 540
2025-01-13 10:44:51,602 - validity (maximize): 1.000
2025-01-13 10:44:51,604 - uniqueness (maximize): 0.001
2025-01-13 10:48:02,031 - Iteration number: 541
2025-01-13 11:00:01,352 - validity (maximize): 0.944
2025-01-13 11:00:01,354 - uniqueness (maximize): 0.914
2025-01-13 11:03:08,156 - Iteration number: 542
2025-01-13 11:14:56,895 - validity (maximize): 0.960
2025-01-13 11:14:56,897 - uniqueness (maximize): 0.914
2025-01-13 11:18:05,351 - Iteration number: 543
2025-01-13 11:30:05,204 - validity (maximize): 0.961
2025-01-13 11:30:05,206 - uniqueness (maximize): 0.914
2025-01-13 11:33:11,692 - Iteration number: 544
2025-01-13 11:45:10,072 - validity (maximize): 0.954
2025-01-13 11:45:10,074 - uniqueness (maximize): 0.918
2025-01-13 11:48:30,240 - Iteration number: 545
2025-01-13 12:00:30,436 - validity (maximize): 0.951
2025-01-13 12:00:30,438 - uniqueness (maximize): 0.925
2025-01-13 12:03:14,864 - Iteration number: 546
2025-01-13 12:15:10,894 - validity (maximize): 0.956
2025-01-13 12:15:10,896 - uniqueness (maximize): 0.918
2025-01-13 12:18:22,975 - Iteration number: 547
2025-01-13 12:30:16,966 - validity (maximize): 0.949
2025-01-13 12:30:16,968 - uniqueness (maximize): 0.916
2025-01-13 12:33:24,909 - Iteration number: 548
2025-01-13 12:45:22,323 - validity (maximize): 0.957
2025-01-13 12:45:22,325 - uniqueness (maximize): 0.915
2025-01-13 12:47:53,424 - Iteration number: 549
2025-01-13 12:50:21,913 - validity (maximize): 0.999
2025-01-13 12:50:21,915 - uniqueness (maximize): 0.004
2025-01-13 12:52:52,015 - Iteration number: 550
2025-01-13 13:04:55,780 - validity (maximize): 0.951
2025-01-13 13:04:55,781 - uniqueness (maximize): 0.913
2025-01-13 13:07:48,134 - Iteration number: 551
2025-01-13 13:19:35,765 - validity (maximize): 0.964
2025-01-13 13:19:35,767 - uniqueness (maximize): 0.900
2025-01-13 13:23:08,373 - Iteration number: 552
2025-01-13 13:35:28,330 - validity (maximize): 0.622
2025-01-13 13:35:28,333 - uniqueness (maximize): 0.927
2025-01-13 13:38:02,015 - Iteration number: 553
2025-01-13 13:40:20,545 - validity (maximize): 1.000
2025-01-13 13:40:20,548 - uniqueness (maximize): 0.001
2025-01-13 13:43:32,604 - Iteration number: 554
2025-01-13 13:55:31,796 - validity (maximize): 0.956
2025-01-13 13:55:31,798 - uniqueness (maximize): 0.922
2025-01-13 13:58:47,302 - Iteration number: 555
2025-01-13 14:10:32,941 - validity (maximize): 0.964
2025-01-13 14:10:32,943 - uniqueness (maximize): 0.905
2025-01-13 14:13:34,764 - Iteration number: 556
2025-01-13 14:25:19,353 - validity (maximize): 0.963
2025-01-13 14:25:19,355 - uniqueness (maximize): 0.889
2025-01-13 14:28:59,540 - Iteration number: 557
2025-01-13 14:41:04,912 - validity (maximize): 0.945
2025-01-13 14:41:04,915 - uniqueness (maximize): 0.922
2025-01-13 14:43:52,582 - Iteration number: 558
2025-01-13 14:53:10,610 - validity (maximize): 0.797
2025-01-13 14:53:10,612 - uniqueness (maximize): 0.423
2025-01-13 14:56:25,289 - Iteration number: 559
2025-01-13 15:08:28,098 - validity (maximize): 0.950
2025-01-13 15:08:28,099 - uniqueness (maximize): 0.925
2025-01-13 15:11:18,501 - Iteration number: 560
2025-01-13 15:13:40,252 - validity (maximize): 0.991
2025-01-13 15:13:40,253 - uniqueness (maximize): 0.002
2025-01-13 15:17:02,950 - Iteration number: 561
2025-01-13 15:20:22,530 - validity (maximize): 0.990
2025-01-13 15:20:22,532 - uniqueness (maximize): 0.017
2025-01-13 15:23:34,565 - Iteration number: 562
2025-01-13 15:35:21,343 - validity (maximize): 0.905
2025-01-13 15:35:21,346 - uniqueness (maximize): 0.886
2025-01-13 15:37:51,262 - Iteration number: 563
2025-01-13 15:40:34,568 - validity (maximize): 0.998
2025-01-13 15:40:34,569 - uniqueness (maximize): 0.016
2025-01-13 15:43:46,731 - Iteration number: 564
2025-01-13 15:55:52,084 - validity (maximize): 0.952
2025-01-13 15:55:52,086 - uniqueness (maximize): 0.920
2025-01-13 15:58:34,276 - Iteration number: 565
2025-01-13 16:02:42,399 - validity (maximize): 0.933
2025-01-13 16:02:42,401 - uniqueness (maximize): 0.015
2025-01-13 16:05:31,884 - Iteration number: 566
2025-01-13 16:17:53,387 - validity (maximize): 0.226
2025-01-13 16:17:53,389 - uniqueness (maximize): 0.747
2025-01-13 16:20:36,413 - Iteration number: 567
2025-01-13 16:23:35,641 - validity (maximize): 0.977
2025-01-13 16:23:35,643 - uniqueness (maximize): 0.010
2025-01-13 16:26:45,764 - Iteration number: 568
2025-01-13 16:38:48,113 - validity (maximize): 0.696
2025-01-13 16:38:48,115 - uniqueness (maximize): 0.873
2025-01-13 16:41:49,849 - Iteration number: 569
2025-01-13 16:53:48,251 - validity (maximize): 0.969
2025-01-13 16:53:48,253 - uniqueness (maximize): 0.896
2025-01-13 16:56:31,546 - Iteration number: 570
2025-01-13 16:58:52,136 - validity (maximize): 1.000
2025-01-13 16:58:52,138 - uniqueness (maximize): 0.001
2025-01-13 17:01:40,373 - Iteration number: 571
2025-01-13 17:06:01,506 - validity (maximize): 0.739
2025-01-13 17:06:01,508 - uniqueness (maximize): 0.032
2025-01-13 17:09:18,619 - Iteration number: 572
2025-01-13 17:21:14,880 - validity (maximize): 0.945
2025-01-13 17:21:14,883 - uniqueness (maximize): 0.897
2025-01-13 17:24:10,016 - Iteration number: 573
2025-01-13 17:35:36,150 - validity (maximize): 0.744
2025-01-13 17:35:36,152 - uniqueness (maximize): 0.817
2025-01-13 17:38:14,737 - Iteration number: 574
2025-01-13 17:41:16,345 - validity (maximize): 0.990
2025-01-13 17:41:16,347 - uniqueness (maximize): 0.003
2025-01-13 17:44:15,248 - Iteration number: 575
2025-01-13 17:56:14,089 - validity (maximize): 0.961
2025-01-13 17:56:14,091 - uniqueness (maximize): 0.909
2025-01-13 17:59:06,859 - Iteration number: 576
2025-01-13 18:10:19,950 - validity (maximize): 0.888
2025-01-13 18:10:19,952 - uniqueness (maximize): 0.383
2025-01-13 18:13:34,475 - Iteration number: 577
2025-01-13 18:24:59,181 - validity (maximize): 0.469
2025-01-13 18:24:59,184 - uniqueness (maximize): 0.663
2025-01-13 18:27:26,668 - Iteration number: 578
2025-01-13 18:29:50,660 - validity (maximize): 0.968
2025-01-13 18:29:50,662 - uniqueness (maximize): 0.001
2025-01-13 18:31:39,762 - Iteration number: 579
2025-01-13 18:34:48,148 - validity (maximize): 0.975
2025-01-13 18:34:48,150 - uniqueness (maximize): 0.027
2025-01-13 18:37:49,281 - Iteration number: 580
2025-01-13 18:40:09,232 - validity (maximize): 1.000
2025-01-13 18:40:09,234 - uniqueness (maximize): 0.000
2025-01-13 18:42:54,041 - Iteration number: 581
2025-01-13 18:45:45,317 - validity (maximize): 0.952
2025-01-13 18:45:45,318 - uniqueness (maximize): 0.028
2025-01-13 18:48:27,358 - Iteration number: 582
2025-01-13 18:51:01,272 - validity (maximize): 0.953
2025-01-13 18:51:01,274 - uniqueness (maximize): 0.009
2025-01-13 18:54:00,024 - Iteration number: 583
2025-01-13 19:05:20,204 - validity (maximize): 0.171
2025-01-13 19:05:20,206 - uniqueness (maximize): 0.733
2025-01-13 19:08:04,213 - Iteration number: 584
2025-01-13 19:19:57,033 - validity (maximize): 0.965
2025-01-13 19:19:57,035 - uniqueness (maximize): 0.903
2025-01-13 19:22:45,165 - Iteration number: 585
2025-01-13 19:25:24,083 - validity (maximize): 0.967
2025-01-13 19:25:24,085 - uniqueness (maximize): 0.012
2025-01-13 19:28:13,828 - Iteration number: 586
2025-01-13 19:30:48,862 - validity (maximize): 0.993
2025-01-13 19:30:48,864 - uniqueness (maximize): 0.011
2025-01-13 19:33:31,465 - Iteration number: 587
2025-01-13 19:36:16,536 - validity (maximize): 0.943
2025-01-13 19:36:16,538 - uniqueness (maximize): 0.010
2025-01-13 19:39:07,021 - Iteration number: 588
2025-01-13 19:41:45,974 - validity (maximize): 0.995
2025-01-13 19:41:45,976 - uniqueness (maximize): 0.026
2025-01-13 19:44:11,808 - Iteration number: 589
2025-01-13 19:53:35,959 - validity (maximize): 0.647
2025-01-13 19:53:35,961 - uniqueness (maximize): 0.578
2025-01-13 19:56:25,972 - Iteration number: 590
2025-01-13 20:00:02,613 - validity (maximize): 0.705
2025-01-13 20:00:02,615 - uniqueness (maximize): 0.025
2025-01-13 20:03:34,413 - Iteration number: 591
2025-01-13 20:15:35,970 - validity (maximize): 0.959
2025-01-13 20:15:35,972 - uniqueness (maximize): 0.914
2025-01-13 20:18:32,669 - Iteration number: 592
2025-01-13 20:30:28,207 - validity (maximize): 0.965
2025-01-13 20:30:28,209 - uniqueness (maximize): 0.873
2025-01-13 20:33:20,182 - Iteration number: 593
2025-01-13 20:35:44,785 - validity (maximize): 0.998
2025-01-13 20:35:44,787 - uniqueness (maximize): 0.008
2025-01-13 20:38:36,441 - Iteration number: 594
2025-01-13 20:41:00,531 - validity (maximize): 0.999
2025-01-13 20:41:00,533 - uniqueness (maximize): 0.004
2025-01-13 20:44:35,758 - Iteration number: 595
2025-01-13 20:56:26,132 - validity (maximize): 0.956
2025-01-13 20:56:26,136 - uniqueness (maximize): 0.878
2025-01-13 20:59:25,753 - Iteration number: 596
2025-01-13 21:11:15,419 - validity (maximize): 0.830
2025-01-13 21:11:15,422 - uniqueness (maximize): 0.668
2025-01-13 21:14:18,740 - Iteration number: 597
2025-01-13 21:16:42,363 - validity (maximize): 1.000
2025-01-13 21:16:42,365 - uniqueness (maximize): 0.001
2025-01-13 21:19:56,085 - Iteration number: 598
2025-01-13 21:31:25,194 - validity (maximize): 0.505
2025-01-13 21:31:25,196 - uniqueness (maximize): 0.771
2025-01-13 21:34:32,962 - Iteration number: 599
2025-01-13 21:37:33,443 - validity (maximize): 0.996
2025-01-13 21:37:33,445 - uniqueness (maximize): 0.013
2025-01-13 21:40:53,455 - Iteration number: 600
2025-01-13 21:43:45,845 - validity (maximize): 0.911
2025-01-13 21:43:45,847 - uniqueness (maximize): 0.009
2025-01-13 21:47:11,199 - Iteration number: 601
2025-01-13 21:59:14,234 - validity (maximize): 0.954
2025-01-13 21:59:14,236 - uniqueness (maximize): 0.919
2025-01-13 22:02:15,049 - Iteration number: 602
2025-01-13 22:05:53,101 - validity (maximize): 0.923
2025-01-13 22:05:53,103 - uniqueness (maximize): 0.051
